mode: set
github.com/can-acar/jarvis-mcp-sdk/auth_middleware.go:68.69,69.50 1 1
github.com/can-acar/jarvis-mcp-sdk/auth_middleware.go:69.50,70.60 1 1
github.com/can-acar/jarvis-mcp-sdk/auth_middleware.go:70.60,74.19 2 1
github.com/can-acar/jarvis-mcp-sdk/auth_middleware.go:74.19,76.5 1 0
github.com/can-acar/jarvis-mcp-sdk/auth_middleware.go:79.4,80.45 2 1
github.com/can-acar/jarvis-mcp-sdk/auth_middleware.go:80.45,81.28 1 1
github.com/can-acar/jarvis-mcp-sdk/auth_middleware.go:81.28,83.11 2 1
github.com/can-acar/jarvis-mcp-sdk/auth_middleware.go:87.4,87.14 1 1
github.com/can-acar/jarvis-mcp-sdk/auth_middleware.go:87.14,89.5 1 0
github.com/can-acar/jarvis-mcp-sdk/auth_middleware.go:92.4,97.25 5 1
github.com/can-acar/jarvis-mcp-sdk/auth_middleware.go:103.53,104.50 1 0
github.com/can-acar/jarvis-mcp-sdk/auth_middleware.go:104.50,105.60 1 0
github.com/can-acar/jarvis-mcp-sdk/auth_middleware.go:105.60,109.19 2 0
github.com/can-acar/jarvis-mcp-sdk/auth_middleware.go:109.19,111.5 1 0
github.com/can-acar/jarvis-mcp-sdk/auth_middleware.go:114.4,115.18 2 0
github.com/can-acar/jarvis-mcp-sdk/auth_middleware.go:115.18,117.5 1 0
github.com/can-acar/jarvis-mcp-sdk/auth_middleware.go:120.4,130.25 8 0
github.com/can-acar/jarvis-mcp-sdk/auth_middleware.go:136.59,137.50 1 0
github.com/can-acar/jarvis-mcp-sdk/auth_middleware.go:137.50,138.60 1 0
github.com/can-acar/jarvis-mcp-sdk/auth_middleware.go:138.60,142.20 2 0
github.com/can-acar/jarvis-mcp-sdk/auth_middleware.go:142.20,144.5 1 0
github.com/can-acar/jarvis-mcp-sdk/auth_middleware.go:147.4,148.41 2 0
github.com/can-acar/jarvis-mcp-sdk/auth_middleware.go:148.41,149.27 1 0
github.com/can-acar/jarvis-mcp-sdk/auth_middleware.go:149.27,151.11 2 0
github.com/can-acar/jarvis-mcp-sdk/auth_middleware.go:155.4,155.14 1 0
github.com/can-acar/jarvis-mcp-sdk/auth_middleware.go:155.14,157.5 1 0
github.com/can-acar/jarvis-mcp-sdk/auth_middleware.go:160.4,165.25 5 0
github.com/can-acar/jarvis-mcp-sdk/auth_middleware.go:171.67,172.50 1 0
github.com/can-acar/jarvis-mcp-sdk/auth_middleware.go:172.50,173.60 1 0
github.com/can-acar/jarvis-mcp-sdk/auth_middleware.go:173.60,177.19 2 0
github.com/can-acar/jarvis-mcp-sdk/auth_middleware.go:177.19,179.5 1 0
github.com/can-acar/jarvis-mcp-sdk/auth_middleware.go:182.4,183.18 2 0
github.com/can-acar/jarvis-mcp-sdk/auth_middleware.go:183.18,185.5 1 0
github.com/can-acar/jarvis-mcp-sdk/auth_middleware.go:187.4,187.29 1 0
github.com/can-acar/jarvis-mcp-sdk/auth_middleware.go:187.29,189.5 1 0
github.com/can-acar/jarvis-mcp-sdk/auth_middleware.go:192.4,198.25 6 0
github.com/can-acar/jarvis-mcp-sdk/auth_middleware.go:204.45,205.50 1 0
github.com/can-acar/jarvis-mcp-sdk/auth_middleware.go:205.50,206.60 1 0
github.com/can-acar/jarvis-mcp-sdk/auth_middleware.go:206.60,210.29 3 0
github.com/can-acar/jarvis-mcp-sdk/auth_middleware.go:210.29,212.5 1 0
github.com/can-acar/jarvis-mcp-sdk/auth_middleware.go:214.4,214.25 1 0
github.com/can-acar/jarvis-mcp-sdk/auth_middleware.go:220.64,221.50 1 0
github.com/can-acar/jarvis-mcp-sdk/auth_middleware.go:221.50,222.60 1 0
github.com/can-acar/jarvis-mcp-sdk/auth_middleware.go:222.60,226.15 3 0
github.com/can-acar/jarvis-mcp-sdk/auth_middleware.go:226.15,228.5 1 0
github.com/can-acar/jarvis-mcp-sdk/auth_middleware.go:230.4,231.11 2 0
github.com/can-acar/jarvis-mcp-sdk/auth_middleware.go:231.11,233.5 1 0
github.com/can-acar/jarvis-mcp-sdk/auth_middleware.go:236.4,237.36 2 0
github.com/can-acar/jarvis-mcp-sdk/auth_middleware.go:237.36,238.29 1 0
github.com/can-acar/jarvis-mcp-sdk/auth_middleware.go:238.29,240.11 2 0
github.com/can-acar/jarvis-mcp-sdk/auth_middleware.go:244.4,244.16 1 0
github.com/can-acar/jarvis-mcp-sdk/auth_middleware.go:244.16,246.5 1 0
github.com/can-acar/jarvis-mcp-sdk/auth_middleware.go:248.4,248.25 1 0
github.com/can-acar/jarvis-mcp-sdk/auth_middleware.go:255.68,257.23 1 1
github.com/can-acar/jarvis-mcp-sdk/auth_middleware.go:257.23,259.61 2 1
github.com/can-acar/jarvis-mcp-sdk/auth_middleware.go:259.61,261.47 1 1
github.com/can-acar/jarvis-mcp-sdk/auth_middleware.go:261.47,262.41 1 1
github.com/can-acar/jarvis-mcp-sdk/auth_middleware.go:262.41,263.22 1 1
github.com/can-acar/jarvis-mcp-sdk/auth_middleware.go:264.27,265.48 1 1
github.com/can-acar/jarvis-mcp-sdk/auth_middleware.go:265.48,267.8 1 1
github.com/can-acar/jarvis-mcp-sdk/auth_middleware.go:268.20,269.21 1 0
github.com/can-acar/jarvis-mcp-sdk/auth_middleware.go:275.4,275.49 1 0
github.com/can-acar/jarvis-mcp-sdk/auth_middleware.go:275.49,276.43 1 0
github.com/can-acar/jarvis-mcp-sdk/auth_middleware.go:276.43,278.6 1 0
github.com/can-acar/jarvis-mcp-sdk/auth_middleware.go:283.2,283.11 1 0
github.com/can-acar/jarvis-mcp-sdk/auth_middleware.go:286.73,287.23 1 0
github.com/can-acar/jarvis-mcp-sdk/auth_middleware.go:287.23,289.61 2 0
github.com/can-acar/jarvis-mcp-sdk/auth_middleware.go:289.61,291.53 1 0
github.com/can-acar/jarvis-mcp-sdk/auth_middleware.go:291.53,292.63 1 0
github.com/can-acar/jarvis-mcp-sdk/auth_middleware.go:292.63,294.26 2 0
github.com/can-acar/jarvis-mcp-sdk/auth_middleware.go:294.26,296.7 1 0
github.com/can-acar/jarvis-mcp-sdk/auth_middleware.go:298.6,298.58 1 0
github.com/can-acar/jarvis-mcp-sdk/auth_middleware.go:298.58,299.47 1 0
github.com/can-acar/jarvis-mcp-sdk/auth_middleware.go:299.47,301.8 1 0
github.com/can-acar/jarvis-mcp-sdk/auth_middleware.go:307.4,307.49 1 0
github.com/can-acar/jarvis-mcp-sdk/auth_middleware.go:307.49,308.59 1 0
github.com/can-acar/jarvis-mcp-sdk/auth_middleware.go:308.59,310.26 2 0
github.com/can-acar/jarvis-mcp-sdk/auth_middleware.go:310.26,312.7 1 0
github.com/can-acar/jarvis-mcp-sdk/auth_middleware.go:314.6,314.56 1 0
github.com/can-acar/jarvis-mcp-sdk/auth_middleware.go:314.56,315.47 1 0
github.com/can-acar/jarvis-mcp-sdk/auth_middleware.go:315.47,317.8 1 0
github.com/can-acar/jarvis-mcp-sdk/auth_middleware.go:324.2,324.11 1 0
github.com/can-acar/jarvis-mcp-sdk/auth_middleware.go:327.79,336.2 1 0
github.com/can-acar/jarvis-mcp-sdk/auth_middleware.go:340.88,343.21 2 0
github.com/can-acar/jarvis-mcp-sdk/auth_middleware.go:343.21,345.3 1 0
github.com/can-acar/jarvis-mcp-sdk/auth_middleware.go:347.2,351.16 3 0
github.com/can-acar/jarvis-mcp-sdk/auth_middleware.go:351.16,353.3 1 0
github.com/can-acar/jarvis-mcp-sdk/auth_middleware.go:355.2,356.67 2 0
github.com/can-acar/jarvis-mcp-sdk/auth_middleware.go:356.67,358.3 1 0
github.com/can-acar/jarvis-mcp-sdk/auth_middleware.go:361.2,361.48 1 0
github.com/can-acar/jarvis-mcp-sdk/auth_middleware.go:361.48,362.37 1 0
github.com/can-acar/jarvis-mcp-sdk/auth_middleware.go:362.37,363.60 1 0
github.com/can-acar/jarvis-mcp-sdk/auth_middleware.go:363.60,365.5 1 0
github.com/can-acar/jarvis-mcp-sdk/auth_middleware.go:370.2,371.36 2 0
github.com/can-acar/jarvis-mcp-sdk/auth_middleware.go:371.36,373.3 1 0
github.com/can-acar/jarvis-mcp-sdk/auth_middleware.go:376.2,377.16 2 0
github.com/can-acar/jarvis-mcp-sdk/auth_middleware.go:377.16,379.3 1 0
github.com/can-acar/jarvis-mcp-sdk/auth_middleware.go:381.2,382.62 2 0
github.com/can-acar/jarvis-mcp-sdk/auth_middleware.go:382.62,384.3 1 0
github.com/can-acar/jarvis-mcp-sdk/auth_middleware.go:387.2,387.27 1 0
github.com/can-acar/jarvis-mcp-sdk/auth_middleware.go:387.27,388.43 1 0
github.com/can-acar/jarvis-mcp-sdk/auth_middleware.go:388.43,389.41 1 0
github.com/can-acar/jarvis-mcp-sdk/auth_middleware.go:389.41,391.37 2 0
github.com/can-acar/jarvis-mcp-sdk/auth_middleware.go:391.37,393.6 1 0
github.com/can-acar/jarvis-mcp-sdk/auth_middleware.go:399.2,399.25 1 0
github.com/can-acar/jarvis-mcp-sdk/auth_middleware.go:399.25,400.43 1 0
github.com/can-acar/jarvis-mcp-sdk/auth_middleware.go:400.43,401.38 1 0
github.com/can-acar/jarvis-mcp-sdk/auth_middleware.go:401.38,402.32 1 0
github.com/can-acar/jarvis-mcp-sdk/auth_middleware.go:402.32,404.6 1 0
github.com/can-acar/jarvis-mcp-sdk/auth_middleware.go:410.2,410.27 1 0
github.com/can-acar/jarvis-mcp-sdk/auth_middleware.go:410.27,411.43 1 0
github.com/can-acar/jarvis-mcp-sdk/auth_middleware.go:411.43,412.38 1 0
github.com/can-acar/jarvis-mcp-sdk/auth_middleware.go:412.38,413.34 1 0
github.com/can-acar/jarvis-mcp-sdk/auth_middleware.go:413.34,415.6 1 0
github.com/can-acar/jarvis-mcp-sdk/auth_middleware.go:420.2,420.20 1 0
github.com/can-acar/jarvis-mcp-sdk/auth_middleware.go:423.63,426.19 2 0
github.com/can-acar/jarvis-mcp-sdk/auth_middleware.go:427.15,428.17 1 0
github.com/can-acar/jarvis-mcp-sdk/auth_middleware.go:429.10,430.17 1 0
github.com/can-acar/jarvis-mcp-sdk/auth_middleware.go:433.2,437.56 4 0
github.com/can-acar/jarvis-mcp-sdk/auth_middleware.go:440.64,447.42 2 0
github.com/can-acar/jarvis-mcp-sdk/auth_middleware.go:447.42,448.37 1 0
github.com/can-acar/jarvis-mcp-sdk/auth_middleware.go:448.37,450.4 1 0
github.com/can-acar/jarvis-mcp-sdk/auth_middleware.go:453.2,453.44 1 0
github.com/can-acar/jarvis-mcp-sdk/auth_middleware.go:453.44,454.39 1 0
github.com/can-acar/jarvis-mcp-sdk/auth_middleware.go:454.39,456.4 1 0
github.com/can-acar/jarvis-mcp-sdk/auth_middleware.go:459.2,459.46 1 0
github.com/can-acar/jarvis-mcp-sdk/auth_middleware.go:459.46,460.41 1 0
github.com/can-acar/jarvis-mcp-sdk/auth_middleware.go:460.41,462.4 1 0
github.com/can-acar/jarvis-mcp-sdk/auth_middleware.go:466.2,466.46 1 0
github.com/can-acar/jarvis-mcp-sdk/auth_middleware.go:466.46,467.37 1 0
github.com/can-acar/jarvis-mcp-sdk/auth_middleware.go:468.17,469.27 1 0
github.com/can-acar/jarvis-mcp-sdk/auth_middleware.go:470.22,471.36 1 0
github.com/can-acar/jarvis-mcp-sdk/auth_middleware.go:471.36,472.41 1 0
github.com/can-acar/jarvis-mcp-sdk/auth_middleware.go:472.41,474.6 1 0
github.com/can-acar/jarvis-mcp-sdk/auth_middleware.go:476.15,477.47 1 0
github.com/can-acar/jarvis-mcp-sdk/auth_middleware.go:481.2,481.13 1 0
github.com/can-acar/jarvis-mcp-sdk/auth_middleware.go:487.48,489.55 2 0
github.com/can-acar/jarvis-mcp-sdk/auth_middleware.go:489.55,490.44 1 0
github.com/can-acar/jarvis-mcp-sdk/auth_middleware.go:490.44,492.4 1 0
github.com/can-acar/jarvis-mcp-sdk/auth_middleware.go:494.2,494.12 1 0
github.com/can-acar/jarvis-mcp-sdk/auth_middleware.go:498.48,502.2 3 0
github.com/can-acar/jarvis-mcp-sdk/auth_middleware.go:505.46,508.2 2 0
github.com/can-acar/jarvis-mcp-sdk/circuit_breaker_middleware.go:19.46,20.11 1 1
github.com/can-acar/jarvis-mcp-sdk/circuit_breaker_middleware.go:21.19,22.18 1 0
github.com/can-acar/jarvis-mcp-sdk/circuit_breaker_middleware.go:23.21,24.21 1 0
github.com/can-acar/jarvis-mcp-sdk/circuit_breaker_middleware.go:25.17,26.16 1 1
github.com/can-acar/jarvis-mcp-sdk/circuit_breaker_middleware.go:27.10,28.19 1 0
github.com/can-acar/jarvis-mcp-sdk/circuit_breaker_middleware.go:71.82,72.34 1 1
github.com/can-acar/jarvis-mcp-sdk/circuit_breaker_middleware.go:72.34,74.3 1 0
github.com/can-acar/jarvis-mcp-sdk/circuit_breaker_middleware.go:75.2,75.34 1 1
github.com/can-acar/jarvis-mcp-sdk/circuit_breaker_middleware.go:75.34,77.3 1 0
github.com/can-acar/jarvis-mcp-sdk/circuit_breaker_middleware.go:78.2,78.25 1 1
github.com/can-acar/jarvis-mcp-sdk/circuit_breaker_middleware.go:78.25,80.3 1 0
github.com/can-acar/jarvis-mcp-sdk/circuit_breaker_middleware.go:81.2,81.29 1 1
github.com/can-acar/jarvis-mcp-sdk/circuit_breaker_middleware.go:81.29,83.3 1 0
github.com/can-acar/jarvis-mcp-sdk/circuit_breaker_middleware.go:84.2,84.31 1 1
github.com/can-acar/jarvis-mcp-sdk/circuit_breaker_middleware.go:84.31,86.3 1 0
github.com/can-acar/jarvis-mcp-sdk/circuit_breaker_middleware.go:87.2,87.35 1 1
github.com/can-acar/jarvis-mcp-sdk/circuit_breaker_middleware.go:87.35,89.3 1 1
github.com/can-acar/jarvis-mcp-sdk/circuit_breaker_middleware.go:91.2,96.3 1 1
github.com/can-acar/jarvis-mcp-sdk/circuit_breaker_middleware.go:100.101,105.33 3 1
github.com/can-acar/jarvis-mcp-sdk/circuit_breaker_middleware.go:105.33,106.48 1 1
github.com/can-acar/jarvis-mcp-sdk/circuit_breaker_middleware.go:106.48,111.4 4 1
github.com/can-acar/jarvis-mcp-sdk/circuit_breaker_middleware.go:113.3,113.32 1 0
github.com/can-acar/jarvis-mcp-sdk/circuit_breaker_middleware.go:117.2,117.87 1 1
github.com/can-acar/jarvis-mcp-sdk/circuit_breaker_middleware.go:117.87,122.3 4 0
github.com/can-acar/jarvis-mcp-sdk/circuit_breaker_middleware.go:125.2,132.15 5 1
github.com/can-acar/jarvis-mcp-sdk/circuit_breaker_middleware.go:132.15,134.3 1 1
github.com/can-acar/jarvis-mcp-sdk/circuit_breaker_middleware.go:134.8,136.3 1 0
github.com/can-acar/jarvis-mcp-sdk/circuit_breaker_middleware.go:138.2,139.17 2 1
github.com/can-acar/jarvis-mcp-sdk/circuit_breaker_middleware.go:143.43,152.24 6 1
github.com/can-acar/jarvis-mcp-sdk/circuit_breaker_middleware.go:153.19,154.58 1 1
github.com/can-acar/jarvis-mcp-sdk/circuit_breaker_middleware.go:154.58,156.4 1 1
github.com/can-acar/jarvis-mcp-sdk/circuit_breaker_middleware.go:157.21,158.28 1 0
github.com/can-acar/jarvis-mcp-sdk/circuit_breaker_middleware.go:163.43,167.24 3 0
github.com/can-acar/jarvis-mcp-sdk/circuit_breaker_middleware.go:168.21,170.58 2 0
github.com/can-acar/jarvis-mcp-sdk/circuit_breaker_middleware.go:170.58,172.4 1 0
github.com/can-acar/jarvis-mcp-sdk/circuit_breaker_middleware.go:173.19,176.42 2 0
github.com/can-acar/jarvis-mcp-sdk/circuit_breaker_middleware.go:181.69,187.18 5 1
github.com/can-acar/jarvis-mcp-sdk/circuit_breaker_middleware.go:188.17,190.28 2 1
github.com/can-acar/jarvis-mcp-sdk/circuit_breaker_middleware.go:191.21,192.28 1 0
github.com/can-acar/jarvis-mcp-sdk/circuit_breaker_middleware.go:193.19,196.42 3 0
github.com/can-acar/jarvis-mcp-sdk/circuit_breaker_middleware.go:200.2,200.36 1 1
github.com/can-acar/jarvis-mcp-sdk/circuit_breaker_middleware.go:200.36,202.3 1 0
github.com/can-acar/jarvis-mcp-sdk/circuit_breaker_middleware.go:206.61,210.47 3 1
github.com/can-acar/jarvis-mcp-sdk/circuit_breaker_middleware.go:210.47,211.32 1 1
github.com/can-acar/jarvis-mcp-sdk/circuit_breaker_middleware.go:211.32,213.4 1 1
github.com/can-acar/jarvis-mcp-sdk/circuit_breaker_middleware.go:216.2,217.47 2 1
github.com/can-acar/jarvis-mcp-sdk/circuit_breaker_middleware.go:221.58,228.2 5 1
github.com/can-acar/jarvis-mcp-sdk/circuit_breaker_middleware.go:231.67,241.2 2 0
github.com/can-acar/jarvis-mcp-sdk/circuit_breaker_middleware.go:244.73,253.2 1 1
github.com/can-acar/jarvis-mcp-sdk/circuit_breaker_middleware.go:256.35,261.2 3 0
github.com/can-acar/jarvis-mcp-sdk/circuit_breaker_middleware.go:271.83,276.2 1 0
github.com/can-acar/jarvis-mcp-sdk/circuit_breaker_middleware.go:279.74,284.12 4 0
github.com/can-acar/jarvis-mcp-sdk/circuit_breaker_middleware.go:284.12,286.3 1 0
github.com/can-acar/jarvis-mcp-sdk/circuit_breaker_middleware.go:288.2,292.50 3 0
github.com/can-acar/jarvis-mcp-sdk/circuit_breaker_middleware.go:292.50,294.3 1 0
github.com/can-acar/jarvis-mcp-sdk/circuit_breaker_middleware.go:296.2,298.16 3 0
github.com/can-acar/jarvis-mcp-sdk/circuit_breaker_middleware.go:302.77,307.41 4 0
github.com/can-acar/jarvis-mcp-sdk/circuit_breaker_middleware.go:307.41,309.3 1 0
github.com/can-acar/jarvis-mcp-sdk/circuit_breaker_middleware.go:310.2,310.14 1 0
github.com/can-acar/jarvis-mcp-sdk/circuit_breaker_middleware.go:314.43,318.39 3 0
github.com/can-acar/jarvis-mcp-sdk/circuit_breaker_middleware.go:318.39,320.3 1 0
github.com/can-acar/jarvis-mcp-sdk/circuit_breaker_middleware.go:324.75,327.50 2 0
github.com/can-acar/jarvis-mcp-sdk/circuit_breaker_middleware.go:327.50,328.60 1 0
github.com/can-acar/jarvis-mcp-sdk/circuit_breaker_middleware.go:328.60,332.32 2 0
github.com/can-acar/jarvis-mcp-sdk/circuit_breaker_middleware.go:332.32,334.5 1 0
github.com/can-acar/jarvis-mcp-sdk/circuit_breaker_middleware.go:336.4,336.30 1 0
github.com/can-acar/jarvis-mcp-sdk/circuit_breaker_middleware.go:336.30,339.49 3 0
github.com/can-acar/jarvis-mcp-sdk/circuit_breaker_middleware.go:339.49,341.6 1 0
github.com/can-acar/jarvis-mcp-sdk/circuit_breaker_middleware.go:341.11,341.59 1 0
github.com/can-acar/jarvis-mcp-sdk/circuit_breaker_middleware.go:341.59,343.6 1 0
github.com/can-acar/jarvis-mcp-sdk/circuit_breaker_middleware.go:345.5,345.33 1 0
github.com/can-acar/jarvis-mcp-sdk/circuit_breaker_middleware.go:345.33,347.6 1 0
github.com/can-acar/jarvis-mcp-sdk/circuit_breaker_middleware.go:347.11,349.6 1 0
github.com/can-acar/jarvis-mcp-sdk/circuit_breaker_middleware.go:353.4,361.42 5 0
github.com/can-acar/jarvis-mcp-sdk/circuit_breaker_middleware.go:367.107,369.44 2 0
github.com/can-acar/jarvis-mcp-sdk/circuit_breaker_middleware.go:369.44,371.3 1 0
github.com/can-acar/jarvis-mcp-sdk/circuit_breaker_middleware.go:373.2,373.50 1 0
github.com/can-acar/jarvis-mcp-sdk/circuit_breaker_middleware.go:373.50,374.60 1 0
github.com/can-acar/jarvis-mcp-sdk/circuit_breaker_middleware.go:374.60,377.15 2 0
github.com/can-acar/jarvis-mcp-sdk/circuit_breaker_middleware.go:377.15,379.5 1 0
github.com/can-acar/jarvis-mcp-sdk/circuit_breaker_middleware.go:382.4,389.42 5 0
github.com/can-acar/jarvis-mcp-sdk/circuit_breaker_middleware.go:395.54,396.21 1 1
github.com/can-acar/jarvis-mcp-sdk/circuit_breaker_middleware.go:396.21,398.3 1 0
github.com/can-acar/jarvis-mcp-sdk/circuit_breaker_middleware.go:401.2,401.27 1 1
github.com/can-acar/jarvis-mcp-sdk/circuit_breaker_middleware.go:401.27,404.33 1 1
github.com/can-acar/jarvis-mcp-sdk/circuit_breaker_middleware.go:404.33,406.4 1 1
github.com/can-acar/jarvis-mcp-sdk/circuit_breaker_middleware.go:409.3,409.93 1 0
github.com/can-acar/jarvis-mcp-sdk/circuit_breaker_middleware.go:409.93,411.4 1 0
github.com/can-acar/jarvis-mcp-sdk/circuit_breaker_middleware.go:414.2,414.14 1 0
github.com/can-acar/jarvis-mcp-sdk/circuit_breaker_middleware.go:418.119,431.2 1 1
github.com/can-acar/jarvis-mcp-sdk/circuit_breaker_middleware.go:434.80,436.2 1 0
github.com/can-acar/jarvis-mcp-sdk/circuit_breaker_middleware.go:439.77,440.39 1 0
github.com/can-acar/jarvis-mcp-sdk/circuit_breaker_middleware.go:440.39,444.3 1 0
github.com/can-acar/jarvis-mcp-sdk/circuit_breaker_middleware.go:448.72,450.36 2 0
github.com/can-acar/jarvis-mcp-sdk/circuit_breaker_middleware.go:450.36,452.3 1 0
github.com/can-acar/jarvis-mcp-sdk/circuit_breaker_middleware.go:454.2,454.39 1 0
github.com/can-acar/jarvis-mcp-sdk/circuit_breaker_middleware.go:454.39,455.47 1 0
github.com/can-acar/jarvis-mcp-sdk/circuit_breaker_middleware.go:455.47,457.4 1 0
github.com/can-acar/jarvis-mcp-sdk/circuit_breaker_middleware.go:458.3,458.38 1 0
github.com/can-acar/jarvis-mcp-sdk/concurrent.go:18.51,25.2 1 0
github.com/can-acar/jarvis-mcp-sdk/concurrent.go:71.58,84.41 3 0
github.com/can-acar/jarvis-mcp-sdk/concurrent.go:84.41,94.3 4 0
github.com/can-acar/jarvis-mcp-sdk/concurrent.go:97.2,97.26 1 0
github.com/can-acar/jarvis-mcp-sdk/concurrent.go:97.26,99.3 1 0
github.com/can-acar/jarvis-mcp-sdk/concurrent.go:101.2,101.13 1 0
github.com/can-acar/jarvis-mcp-sdk/concurrent.go:105.61,119.29 4 0
github.com/can-acar/jarvis-mcp-sdk/concurrent.go:119.29,124.3 4 0
github.com/can-acar/jarvis-mcp-sdk/concurrent.go:127.2,127.9 1 0
github.com/can-acar/jarvis-mcp-sdk/concurrent.go:128.35,128.35 0 0
github.com/can-acar/jarvis-mcp-sdk/concurrent.go:130.20,139.4 1 0
github.com/can-acar/jarvis-mcp-sdk/concurrent.go:143.2,143.29 1 0
github.com/can-acar/jarvis-mcp-sdk/concurrent.go:143.29,148.3 4 0
github.com/can-acar/jarvis-mcp-sdk/concurrent.go:151.2,151.9 1 0
github.com/can-acar/jarvis-mcp-sdk/concurrent.go:152.40,153.18 1 0
github.com/can-acar/jarvis-mcp-sdk/concurrent.go:154.20,156.30 1 0
github.com/can-acar/jarvis-mcp-sdk/concurrent.go:156.30,161.4 4 0
github.com/can-acar/jarvis-mcp-sdk/concurrent.go:163.3,170.4 1 0
github.com/can-acar/jarvis-mcp-sdk/concurrent.go:175.34,184.2 3 0
github.com/can-acar/jarvis-mcp-sdk/concurrent.go:187.55,188.30 1 0
github.com/can-acar/jarvis-mcp-sdk/concurrent.go:188.30,190.3 1 0
github.com/can-acar/jarvis-mcp-sdk/concurrent.go:192.2,195.20 3 0
github.com/can-acar/jarvis-mcp-sdk/concurrent.go:200.26,203.6 2 0
github.com/can-acar/jarvis-mcp-sdk/concurrent.go:203.6,204.10 1 0
github.com/can-acar/jarvis-mcp-sdk/concurrent.go:205.31,206.18 1 0
github.com/can-acar/jarvis-mcp-sdk/concurrent.go:206.18,209.5 1 0
github.com/can-acar/jarvis-mcp-sdk/concurrent.go:210.4,210.25 1 0
github.com/can-acar/jarvis-mcp-sdk/concurrent.go:211.28,213.10 1 0
github.com/can-acar/jarvis-mcp-sdk/concurrent.go:214.17,216.10 1 0
github.com/can-acar/jarvis-mcp-sdk/concurrent.go:221.53,229.9 3 0
github.com/can-acar/jarvis-mcp-sdk/concurrent.go:230.28,239.4 1 0
github.com/can-acar/jarvis-mcp-sdk/concurrent.go:240.10,247.4 1 0
github.com/can-acar/jarvis-mcp-sdk/concurrent.go:251.2,251.33 1 0
github.com/can-acar/jarvis-mcp-sdk/concurrent.go:251.33,257.48 6 0
github.com/can-acar/jarvis-mcp-sdk/concurrent.go:257.48,259.4 1 0
github.com/can-acar/jarvis-mcp-sdk/concurrent.go:260.3,260.43 1 0
github.com/can-acar/jarvis-mcp-sdk/concurrent.go:260.43,262.4 1 0
github.com/can-acar/jarvis-mcp-sdk/concurrent.go:263.3,263.29 1 0
github.com/can-acar/jarvis-mcp-sdk/concurrent.go:267.2,267.9 1 0
github.com/can-acar/jarvis-mcp-sdk/concurrent.go:268.32,268.32 0 0
github.com/can-acar/jarvis-mcp-sdk/concurrent.go:270.28,270.28 0 0
github.com/can-acar/jarvis-mcp-sdk/concurrent.go:275.25,277.2 1 0
github.com/can-acar/jarvis-mcp-sdk/concurrent.go:280.39,284.6 3 0
github.com/can-acar/jarvis-mcp-sdk/concurrent.go:284.6,285.10 1 0
github.com/can-acar/jarvis-mcp-sdk/concurrent.go:286.19,289.43 3 0
github.com/can-acar/jarvis-mcp-sdk/concurrent.go:289.43,291.20 2 0
github.com/can-acar/jarvis-mcp-sdk/concurrent.go:291.20,293.6 1 0
github.com/can-acar/jarvis-mcp-sdk/concurrent.go:295.4,297.26 3 0
github.com/can-acar/jarvis-mcp-sdk/concurrent.go:298.24,299.10 1 0
github.com/can-acar/jarvis-mcp-sdk/concurrent.go:307.70,311.2 3 0
github.com/can-acar/jarvis-mcp-sdk/concurrent.go:314.47,315.25 1 0
github.com/can-acar/jarvis-mcp-sdk/concurrent.go:315.25,318.3 2 0
github.com/can-acar/jarvis-mcp-sdk/concurrent.go:319.2,320.10 2 0
github.com/can-acar/jarvis-mcp-sdk/concurrent.go:324.61,325.25 1 0
github.com/can-acar/jarvis-mcp-sdk/concurrent.go:325.25,327.3 1 0
github.com/can-acar/jarvis-mcp-sdk/concurrent.go:328.2,328.34 1 0
github.com/can-acar/jarvis-mcp-sdk/middleware.go:28.48,34.2 1 1
github.com/can-acar/jarvis-mcp-sdk/middleware.go:37.65,41.2 3 1
github.com/can-acar/jarvis-mcp-sdk/middleware.go:44.66,49.2 4 1
github.com/can-acar/jarvis-mcp-sdk/middleware.go:52.59,53.42 1 1
github.com/can-acar/jarvis-mcp-sdk/middleware.go:53.42,54.36 1 1
github.com/can-acar/jarvis-mcp-sdk/middleware.go:54.36,56.4 1 1
github.com/can-acar/jarvis-mcp-sdk/middleware.go:58.2,58.11 1 1
github.com/can-acar/jarvis-mcp-sdk/middleware.go:79.87,86.2 1 1
github.com/can-acar/jarvis-mcp-sdk/middleware.go:89.79,93.2 3 1
github.com/can-acar/jarvis-mcp-sdk/middleware.go:96.54,100.2 3 0
github.com/can-acar/jarvis-mcp-sdk/middleware.go:103.85,107.24 3 1
github.com/can-acar/jarvis-mcp-sdk/middleware.go:107.24,109.3 1 0
github.com/can-acar/jarvis-mcp-sdk/middleware.go:111.2,114.42 2 1
github.com/can-acar/jarvis-mcp-sdk/middleware.go:114.42,116.67 2 1
github.com/can-acar/jarvis-mcp-sdk/middleware.go:116.67,118.4 1 1
github.com/can-acar/jarvis-mcp-sdk/middleware.go:121.2,121.16 1 1
github.com/can-acar/jarvis-mcp-sdk/middleware.go:125.67,126.51 1 1
github.com/can-acar/jarvis-mcp-sdk/middleware.go:126.51,127.27 1 0
github.com/can-acar/jarvis-mcp-sdk/middleware.go:127.27,129.4 1 0
github.com/can-acar/jarvis-mcp-sdk/middleware.go:131.2,131.14 1 1
github.com/can-acar/jarvis-mcp-sdk/middleware.go:135.86,136.64 1 0
github.com/can-acar/jarvis-mcp-sdk/middleware.go:136.64,137.59 1 0
github.com/can-acar/jarvis-mcp-sdk/middleware.go:137.59,139.4 1 0
github.com/can-acar/jarvis-mcp-sdk/middleware.go:141.2,141.37 1 0
github.com/can-acar/jarvis-mcp-sdk/middleware.go:147.68,150.2 2 1
github.com/can-acar/jarvis-mcp-sdk/middleware.go:153.70,154.32 1 1
github.com/can-acar/jarvis-mcp-sdk/middleware.go:154.32,156.3 1 1
github.com/can-acar/jarvis-mcp-sdk/middleware.go:157.2,157.10 1 1
github.com/can-acar/jarvis-mcp-sdk/middleware.go:161.91,162.32 1 1
github.com/can-acar/jarvis-mcp-sdk/middleware.go:162.32,164.3 1 0
github.com/can-acar/jarvis-mcp-sdk/middleware.go:167.2,167.54 1 1
github.com/can-acar/jarvis-mcp-sdk/middleware.go:167.54,169.3 1 0
github.com/can-acar/jarvis-mcp-sdk/middleware.go:172.2,176.68 3 1
github.com/can-acar/jarvis-mcp-sdk/middleware.go:176.68,178.3 1 1
github.com/can-acar/jarvis-mcp-sdk/middleware.go:180.2,181.26 2 1
github.com/can-acar/jarvis-mcp-sdk/middleware.go:186.33,188.2 1 1
github.com/can-acar/jarvis-mcp-sdk/middleware.go:191.67,192.50 1 1
github.com/can-acar/jarvis-mcp-sdk/middleware.go:192.50,193.46 1 1
github.com/can-acar/jarvis-mcp-sdk/middleware.go:193.46,195.4 1 1
github.com/can-acar/jarvis-mcp-sdk/middleware.go:197.2,197.31 1 0
github.com/can-acar/jarvis-mcp-sdk/middleware.go:214.54,220.2 1 1
github.com/can-acar/jarvis-mcp-sdk/middleware.go:223.86,224.50 1 1
github.com/can-acar/jarvis-mcp-sdk/middleware.go:224.50,225.60 1 1
github.com/can-acar/jarvis-mcp-sdk/middleware.go:225.60,237.29 8 1
github.com/can-acar/jarvis-mcp-sdk/middleware.go:237.29,240.5 2 0
github.com/can-acar/jarvis-mcp-sdk/middleware.go:243.4,250.19 5 1
github.com/can-acar/jarvis-mcp-sdk/middleware.go:255.107,256.29 1 1
github.com/can-acar/jarvis-mcp-sdk/middleware.go:256.29,266.46 2 0
github.com/can-acar/jarvis-mcp-sdk/middleware.go:266.46,268.38 2 0
github.com/can-acar/jarvis-mcp-sdk/middleware.go:268.38,270.5 1 0
github.com/can-acar/jarvis-mcp-sdk/middleware.go:271.4,271.73 1 0
github.com/can-acar/jarvis-mcp-sdk/middleware.go:274.3,274.58 1 0
github.com/can-acar/jarvis-mcp-sdk/middleware.go:274.58,276.4 1 0
github.com/can-acar/jarvis-mcp-sdk/middleware.go:277.8,279.3 1 1
github.com/can-acar/jarvis-mcp-sdk/middleware.go:282.158,283.29 1 1
github.com/can-acar/jarvis-mcp-sdk/middleware.go:283.29,295.24 2 0
github.com/can-acar/jarvis-mcp-sdk/middleware.go:295.24,298.4 2 0
github.com/can-acar/jarvis-mcp-sdk/middleware.go:300.3,300.47 1 0
github.com/can-acar/jarvis-mcp-sdk/middleware.go:300.47,301.65 1 0
github.com/can-acar/jarvis-mcp-sdk/middleware.go:301.65,303.39 2 0
github.com/can-acar/jarvis-mcp-sdk/middleware.go:303.39,305.6 1 0
github.com/can-acar/jarvis-mcp-sdk/middleware.go:306.5,306.36 1 0
github.com/can-acar/jarvis-mcp-sdk/middleware.go:310.3,310.58 1 0
github.com/can-acar/jarvis-mcp-sdk/middleware.go:310.58,312.4 1 0
github.com/can-acar/jarvis-mcp-sdk/middleware.go:313.8,316.3 1 1
github.com/can-acar/jarvis-mcp-sdk/middleware.go:319.67,321.35 2 0
github.com/can-acar/jarvis-mcp-sdk/middleware.go:321.35,324.3 1 0
github.com/can-acar/jarvis-mcp-sdk/middleware.go:325.2,325.15 1 0
github.com/can-acar/jarvis-mcp-sdk/middleware.go:338.67,343.2 1 1
github.com/can-acar/jarvis-mcp-sdk/middleware.go:346.99,347.50 1 1
github.com/can-acar/jarvis-mcp-sdk/middleware.go:347.50,348.60 1 1
github.com/can-acar/jarvis-mcp-sdk/middleware.go:348.60,350.92 1 1
github.com/can-acar/jarvis-mcp-sdk/middleware.go:350.92,352.5 1 0
github.com/can-acar/jarvis-mcp-sdk/middleware.go:354.4,363.33 4 1
github.com/can-acar/jarvis-mcp-sdk/middleware.go:363.33,364.49 1 0
github.com/can-acar/jarvis-mcp-sdk/middleware.go:364.49,366.29 2 0
github.com/can-acar/jarvis-mcp-sdk/middleware.go:366.29,368.7 1 0
github.com/can-acar/jarvis-mcp-sdk/middleware.go:369.11,371.6 1 0
github.com/can-acar/jarvis-mcp-sdk/middleware.go:375.4,387.29 7 1
github.com/can-acar/jarvis-mcp-sdk/middleware.go:387.29,390.30 3 0
github.com/can-acar/jarvis-mcp-sdk/middleware.go:390.30,392.6 1 0
github.com/can-acar/jarvis-mcp-sdk/middleware.go:393.5,396.73 3 0
github.com/can-acar/jarvis-mcp-sdk/middleware.go:400.4,401.29 2 1
github.com/can-acar/jarvis-mcp-sdk/middleware.go:401.29,403.5 1 1
github.com/can-acar/jarvis-mcp-sdk/middleware.go:404.4,409.36 3 1
github.com/can-acar/jarvis-mcp-sdk/middleware.go:409.36,410.88 1 0
github.com/can-acar/jarvis-mcp-sdk/middleware.go:410.88,412.6 1 0
github.com/can-acar/jarvis-mcp-sdk/middleware.go:413.5,413.106 1 0
github.com/can-acar/jarvis-mcp-sdk/middleware.go:413.106,415.6 1 0
github.com/can-acar/jarvis-mcp-sdk/middleware.go:419.4,419.34 1 1
github.com/can-acar/jarvis-mcp-sdk/middleware.go:419.34,421.30 2 0
github.com/can-acar/jarvis-mcp-sdk/middleware.go:421.30,423.6 1 0
github.com/can-acar/jarvis-mcp-sdk/middleware.go:424.5,424.59 1 0
github.com/can-acar/jarvis-mcp-sdk/middleware.go:424.59,426.6 1 0
github.com/can-acar/jarvis-mcp-sdk/middleware.go:427.5,427.84 1 0
github.com/can-acar/jarvis-mcp-sdk/middleware.go:431.4,431.25 1 1
github.com/can-acar/jarvis-mcp-sdk/middleware.go:431.25,434.5 2 1
github.com/can-acar/jarvis-mcp-sdk/middleware.go:437.4,437.30 1 1
github.com/can-acar/jarvis-mcp-sdk/middleware.go:437.30,438.70 1 1
github.com/can-acar/jarvis-mcp-sdk/middleware.go:438.70,441.6 2 1
github.com/can-acar/jarvis-mcp-sdk/middleware.go:445.4,449.19 4 1
github.com/can-acar/jarvis-mcp-sdk/middleware.go:454.41,455.9 1 0
github.com/can-acar/jarvis-mcp-sdk/middleware.go:456.43,457.24 1 0
github.com/can-acar/jarvis-mcp-sdk/middleware.go:458.24,459.24 1 0
github.com/can-acar/jarvis-mcp-sdk/middleware.go:460.10,461.19 1 0
github.com/can-acar/jarvis-mcp-sdk/middleware.go:465.80,466.44 1 0
github.com/can-acar/jarvis-mcp-sdk/middleware.go:466.44,467.48 1 0
github.com/can-acar/jarvis-mcp-sdk/middleware.go:467.48,469.4 1 0
github.com/can-acar/jarvis-mcp-sdk/middleware.go:471.2,471.10 1 0
github.com/can-acar/jarvis-mcp-sdk/middleware.go:475.43,476.50 1 0
github.com/can-acar/jarvis-mcp-sdk/middleware.go:476.50,477.60 1 0
github.com/can-acar/jarvis-mcp-sdk/middleware.go:477.60,484.30 3 0
github.com/can-acar/jarvis-mcp-sdk/middleware.go:484.30,485.70 1 0
github.com/can-acar/jarvis-mcp-sdk/middleware.go:485.70,487.6 1 0
github.com/can-acar/jarvis-mcp-sdk/middleware.go:490.4,490.19 1 0
github.com/can-acar/jarvis-mcp-sdk/middleware.go:515.54,517.2 1 1
github.com/can-acar/jarvis-mcp-sdk/middleware.go:520.64,522.2 1 1
github.com/can-acar/jarvis-mcp-sdk/middleware.go:533.58,539.2 1 1
github.com/can-acar/jarvis-mcp-sdk/middleware.go:542.92,548.2 4 1
github.com/can-acar/jarvis-mcp-sdk/middleware.go:551.114,557.2 4 1
github.com/can-acar/jarvis-mcp-sdk/middleware.go:560.102,566.2 4 1
github.com/can-acar/jarvis-mcp-sdk/middleware.go:569.72,577.39 5 1
github.com/can-acar/jarvis-mcp-sdk/middleware.go:577.39,579.3 1 1
github.com/can-acar/jarvis-mcp-sdk/middleware.go:580.2,584.44 3 1
github.com/can-acar/jarvis-mcp-sdk/middleware.go:584.44,585.25 1 1
github.com/can-acar/jarvis-mcp-sdk/middleware.go:585.25,590.32 4 1
github.com/can-acar/jarvis-mcp-sdk/middleware.go:590.32,592.16 2 1
github.com/can-acar/jarvis-mcp-sdk/middleware.go:592.16,594.6 1 0
github.com/can-acar/jarvis-mcp-sdk/middleware.go:595.5,595.16 1 1
github.com/can-acar/jarvis-mcp-sdk/middleware.go:595.16,597.6 1 1
github.com/can-acar/jarvis-mcp-sdk/middleware.go:600.4,608.5 2 1
github.com/can-acar/jarvis-mcp-sdk/middleware.go:611.2,615.37 3 1
github.com/can-acar/jarvis-mcp-sdk/middleware.go:615.37,617.3 1 1
github.com/can-acar/jarvis-mcp-sdk/middleware.go:618.2,620.16 2 1
github.com/can-acar/jarvis-mcp-sdk/middleware.go:623.54,624.22 1 1
github.com/can-acar/jarvis-mcp-sdk/middleware.go:624.22,626.3 1 0
github.com/can-acar/jarvis-mcp-sdk/middleware.go:628.2,630.33 3 1
github.com/can-acar/jarvis-mcp-sdk/middleware.go:630.33,631.13 1 1
github.com/can-acar/jarvis-mcp-sdk/middleware.go:631.13,633.4 1 1
github.com/can-acar/jarvis-mcp-sdk/middleware.go:634.3,635.16 2 1
github.com/can-acar/jarvis-mcp-sdk/middleware.go:637.2,638.15 2 1
github.com/can-acar/jarvis-mcp-sdk/rate_limit_middleware.go:41.58,42.27 1 1
github.com/can-acar/jarvis-mcp-sdk/rate_limit_middleware.go:42.27,44.3 1 0
github.com/can-acar/jarvis-mcp-sdk/rate_limit_middleware.go:46.2,55.11 3 1
github.com/can-acar/jarvis-mcp-sdk/rate_limit_middleware.go:59.99,61.51 1 1
github.com/can-acar/jarvis-mcp-sdk/rate_limit_middleware.go:61.51,62.31 1 0
github.com/can-acar/jarvis-mcp-sdk/rate_limit_middleware.go:62.31,68.4 1 0
github.com/can-acar/jarvis-mcp-sdk/rate_limit_middleware.go:71.2,78.13 6 1
github.com/can-acar/jarvis-mcp-sdk/rate_limit_middleware.go:78.13,86.3 2 1
github.com/can-acar/jarvis-mcp-sdk/rate_limit_middleware.go:89.2,89.56 1 1
github.com/can-acar/jarvis-mcp-sdk/rate_limit_middleware.go:89.56,93.3 3 0
github.com/can-acar/jarvis-mcp-sdk/rate_limit_middleware.go:96.2,96.45 1 1
github.com/can-acar/jarvis-mcp-sdk/rate_limit_middleware.go:96.45,98.41 2 0
github.com/can-acar/jarvis-mcp-sdk/rate_limit_middleware.go:98.41,106.4 2 0
github.com/can-acar/jarvis-mcp-sdk/rate_limit_middleware.go:107.3,107.23 1 0
github.com/can-acar/jarvis-mcp-sdk/rate_limit_middleware.go:111.2,111.48 1 1
github.com/can-acar/jarvis-mcp-sdk/rate_limit_middleware.go:111.48,119.3 2 1
github.com/can-acar/jarvis-mcp-sdk/rate_limit_middleware.go:122.2,132.24 5 1
github.com/can-acar/jarvis-mcp-sdk/rate_limit_middleware.go:136.90,138.51 1 0
github.com/can-acar/jarvis-mcp-sdk/rate_limit_middleware.go:138.51,144.66 4 0
github.com/can-acar/jarvis-mcp-sdk/rate_limit_middleware.go:144.66,146.4 1 0
github.com/can-acar/jarvis-mcp-sdk/rate_limit_middleware.go:151.62,156.37 4 0
github.com/can-acar/jarvis-mcp-sdk/rate_limit_middleware.go:156.37,164.3 1 0
github.com/can-acar/jarvis-mcp-sdk/rate_limit_middleware.go:165.2,165.14 1 0
github.com/can-acar/jarvis-mcp-sdk/rate_limit_middleware.go:169.48,173.6 3 1
github.com/can-acar/jarvis-mcp-sdk/rate_limit_middleware.go:173.6,174.10 1 1
github.com/can-acar/jarvis-mcp-sdk/rate_limit_middleware.go:175.19,176.23 1 0
github.com/can-acar/jarvis-mcp-sdk/rate_limit_middleware.go:177.28,180.18 3 0
github.com/can-acar/jarvis-mcp-sdk/rate_limit_middleware.go:185.41,190.37 4 0
github.com/can-acar/jarvis-mcp-sdk/rate_limit_middleware.go:190.37,192.60 1 0
github.com/can-acar/jarvis-mcp-sdk/rate_limit_middleware.go:192.60,194.4 1 0
github.com/can-acar/jarvis-mcp-sdk/rate_limit_middleware.go:196.2,198.26 2 0
github.com/can-acar/jarvis-mcp-sdk/rate_limit_middleware.go:198.26,200.35 2 0
github.com/can-acar/jarvis-mcp-sdk/rate_limit_middleware.go:200.35,202.4 1 0
github.com/can-acar/jarvis-mcp-sdk/rate_limit_middleware.go:203.3,203.17 1 0
github.com/can-acar/jarvis-mcp-sdk/rate_limit_middleware.go:216.65,219.50 2 0
github.com/can-acar/jarvis-mcp-sdk/rate_limit_middleware.go:219.50,220.60 1 0
github.com/can-acar/jarvis-mcp-sdk/rate_limit_middleware.go:220.60,223.18 2 0
github.com/can-acar/jarvis-mcp-sdk/rate_limit_middleware.go:223.18,232.5 1 0
github.com/can-acar/jarvis-mcp-sdk/rate_limit_middleware.go:234.4,234.16 1 0
github.com/can-acar/jarvis-mcp-sdk/rate_limit_middleware.go:234.16,253.5 4 0
github.com/can-acar/jarvis-mcp-sdk/rate_limit_middleware.go:256.4,265.19 5 0
github.com/can-acar/jarvis-mcp-sdk/rate_limit_middleware.go:273.72,277.46 2 0
github.com/can-acar/jarvis-mcp-sdk/rate_limit_middleware.go:277.46,279.3 1 0
github.com/can-acar/jarvis-mcp-sdk/rate_limit_middleware.go:282.2,282.55 1 0
github.com/can-acar/jarvis-mcp-sdk/rate_limit_middleware.go:282.55,284.3 1 0
github.com/can-acar/jarvis-mcp-sdk/rate_limit_middleware.go:287.2,287.49 1 0
github.com/can-acar/jarvis-mcp-sdk/rate_limit_middleware.go:287.49,289.3 1 0
github.com/can-acar/jarvis-mcp-sdk/rate_limit_middleware.go:292.2,292.19 1 0
github.com/can-acar/jarvis-mcp-sdk/rate_limit_middleware.go:292.19,294.3 1 0
github.com/can-acar/jarvis-mcp-sdk/rate_limit_middleware.go:296.2,296.45 1 0
github.com/can-acar/jarvis-mcp-sdk/rate_limit_middleware.go:300.72,303.14 3 0
github.com/can-acar/jarvis-mcp-sdk/rate_limit_middleware.go:303.14,305.3 1 0
github.com/can-acar/jarvis-mcp-sdk/rate_limit_middleware.go:306.2,306.33 1 0
github.com/can-acar/jarvis-mcp-sdk/rate_limit_middleware.go:310.74,311.46 1 0
github.com/can-acar/jarvis-mcp-sdk/rate_limit_middleware.go:311.46,313.3 1 0
github.com/can-acar/jarvis-mcp-sdk/rate_limit_middleware.go:315.2,317.18 3 0
github.com/can-acar/jarvis-mcp-sdk/rate_limit_middleware.go:317.18,319.3 1 0
github.com/can-acar/jarvis-mcp-sdk/rate_limit_middleware.go:320.2,320.39 1 0
github.com/can-acar/jarvis-mcp-sdk/rate_limit_middleware.go:324.76,326.46 2 0
github.com/can-acar/jarvis-mcp-sdk/rate_limit_middleware.go:326.46,328.3 1 0
github.com/can-acar/jarvis-mcp-sdk/rate_limit_middleware.go:328.8,330.56 2 0
github.com/can-acar/jarvis-mcp-sdk/rate_limit_middleware.go:330.56,332.4 1 0
github.com/can-acar/jarvis-mcp-sdk/rate_limit_middleware.go:335.2,335.62 1 0
github.com/can-acar/jarvis-mcp-sdk/rate_limit_middleware.go:339.87,341.39 2 0
github.com/can-acar/jarvis-mcp-sdk/rate_limit_middleware.go:341.39,343.3 1 0
github.com/can-acar/jarvis-mcp-sdk/rate_limit_middleware.go:345.2,345.50 1 0
github.com/can-acar/jarvis-mcp-sdk/rate_limit_middleware.go:345.50,346.60 1 0
github.com/can-acar/jarvis-mcp-sdk/rate_limit_middleware.go:346.60,348.34 1 0
github.com/can-acar/jarvis-mcp-sdk/rate_limit_middleware.go:348.34,350.5 1 0
github.com/can-acar/jarvis-mcp-sdk/rate_limit_middleware.go:353.4,354.22 2 0
github.com/can-acar/jarvis-mcp-sdk/rate_limit_middleware.go:354.22,356.5 1 0
github.com/can-acar/jarvis-mcp-sdk/rate_limit_middleware.go:359.4,360.15 2 0
github.com/can-acar/jarvis-mcp-sdk/rate_limit_middleware.go:360.15,362.5 1 0
github.com/can-acar/jarvis-mcp-sdk/rate_limit_middleware.go:365.4,366.18 2 0
github.com/can-acar/jarvis-mcp-sdk/rate_limit_middleware.go:366.18,375.5 1 0
github.com/can-acar/jarvis-mcp-sdk/rate_limit_middleware.go:377.4,377.16 1 0
github.com/can-acar/jarvis-mcp-sdk/rate_limit_middleware.go:377.16,392.5 1 0
github.com/can-acar/jarvis-mcp-sdk/rate_limit_middleware.go:395.4,407.19 5 0
github.com/can-acar/jarvis-mcp-sdk/rate_limit_middleware.go:413.54,414.19 1 0
github.com/can-acar/jarvis-mcp-sdk/rate_limit_middleware.go:414.19,416.3 1 0
github.com/can-acar/jarvis-mcp-sdk/rate_limit_middleware.go:418.2,419.59 2 0
github.com/can-acar/jarvis-mcp-sdk/rate_limit_middleware.go:419.59,421.3 1 0
github.com/can-acar/jarvis-mcp-sdk/rate_limit_middleware.go:423.2,423.47 1 0
github.com/can-acar/jarvis-mcp-sdk/rate_limit_middleware.go:423.47,424.39 1 0
github.com/can-acar/jarvis-mcp-sdk/rate_limit_middleware.go:424.39,426.4 1 0
github.com/can-acar/jarvis-mcp-sdk/rate_limit_middleware.go:429.2,429.11 1 0
github.com/can-acar/jarvis-mcp-sdk/rate_limit_middleware.go:433.102,434.50 1 0
github.com/can-acar/jarvis-mcp-sdk/rate_limit_middleware.go:434.50,435.60 1 0
github.com/can-acar/jarvis-mcp-sdk/rate_limit_middleware.go:435.60,441.18 3 0
github.com/can-acar/jarvis-mcp-sdk/rate_limit_middleware.go:441.18,443.5 1 0
github.com/can-acar/jarvis-mcp-sdk/rate_limit_middleware.go:443.10,443.25 1 0
github.com/can-acar/jarvis-mcp-sdk/rate_limit_middleware.go:443.25,445.5 1 0
github.com/can-acar/jarvis-mcp-sdk/rate_limit_middleware.go:448.4,452.18 3 0
github.com/can-acar/jarvis-mcp-sdk/rate_limit_middleware.go:452.18,461.5 1 0
github.com/can-acar/jarvis-mcp-sdk/rate_limit_middleware.go:463.4,463.16 1 0
github.com/can-acar/jarvis-mcp-sdk/rate_limit_middleware.go:463.16,478.5 1 0
github.com/can-acar/jarvis-mcp-sdk/rate_limit_middleware.go:480.4,480.25 1 0
github.com/can-acar/jarvis-mcp-sdk/schema.go:18.44,22.2 1 0
github.com/can-acar/jarvis-mcp-sdk/schema.go:25.72,28.2 2 0
github.com/can-acar/jarvis-mcp-sdk/schema.go:31.85,32.40 1 0
github.com/can-acar/jarvis-mcp-sdk/schema.go:32.40,34.3 1 0
github.com/can-acar/jarvis-mcp-sdk/schema.go:36.2,36.29 1 0
github.com/can-acar/jarvis-mcp-sdk/schema.go:36.29,38.3 1 0
github.com/can-acar/jarvis-mcp-sdk/schema.go:41.2,44.45 2 0
github.com/can-acar/jarvis-mcp-sdk/schema.go:44.45,46.3 1 0
github.com/can-acar/jarvis-mcp-sdk/schema.go:48.2,48.39 1 0
github.com/can-acar/jarvis-mcp-sdk/schema.go:51.70,53.29 1 0
github.com/can-acar/jarvis-mcp-sdk/schema.go:53.29,55.3 1 0
github.com/can-acar/jarvis-mcp-sdk/schema.go:58.2,58.19 1 0
github.com/can-acar/jarvis-mcp-sdk/schema.go:58.19,60.3 1 0
github.com/can-acar/jarvis-mcp-sdk/schema.go:61.2,62.15 2 0
github.com/can-acar/jarvis-mcp-sdk/schema.go:62.15,62.40 1 0
github.com/can-acar/jarvis-mcp-sdk/schema.go:64.2,64.18 1 0
github.com/can-acar/jarvis-mcp-sdk/schema.go:65.22,66.36 1 0
github.com/can-acar/jarvis-mcp-sdk/schema.go:68.80,69.37 1 0
github.com/can-acar/jarvis-mcp-sdk/schema.go:70.40,71.36 1 0
github.com/can-acar/jarvis-mcp-sdk/schema.go:72.20,73.37 1 0
github.com/can-acar/jarvis-mcp-sdk/schema.go:74.36,75.35 1 0
github.com/can-acar/jarvis-mcp-sdk/schema.go:76.19,77.33 1 0
github.com/can-acar/jarvis-mcp-sdk/schema.go:78.22,79.36 1 0
github.com/can-acar/jarvis-mcp-sdk/schema.go:80.25,81.22 1 0
github.com/can-acar/jarvis-mcp-sdk/schema.go:82.10,83.36 1 0
github.com/can-acar/jarvis-mcp-sdk/schema.go:87.76,91.20 2 0
github.com/can-acar/jarvis-mcp-sdk/schema.go:91.21,93.3 0 0
github.com/can-acar/jarvis-mcp-sdk/schema.go:95.2,95.15 1 0
github.com/can-acar/jarvis-mcp-sdk/schema.go:98.77,102.18 2 0
github.com/can-acar/jarvis-mcp-sdk/schema.go:103.37,103.37 0 0
github.com/can-acar/jarvis-mcp-sdk/schema.go:105.37,105.37 0 0
github.com/can-acar/jarvis-mcp-sdk/schema.go:109.2,109.15 1 0
github.com/can-acar/jarvis-mcp-sdk/schema.go:112.76,116.18 2 0
github.com/can-acar/jarvis-mcp-sdk/schema.go:117.23,117.23 0 0
github.com/can-acar/jarvis-mcp-sdk/schema.go:119.23,119.23 0 0
github.com/can-acar/jarvis-mcp-sdk/schema.go:123.2,123.15 1 0
github.com/can-acar/jarvis-mcp-sdk/schema.go:126.75,134.2 3 0
github.com/can-acar/jarvis-mcp-sdk/schema.go:136.73,142.2 2 0
github.com/can-acar/jarvis-mcp-sdk/schema.go:144.76,151.36 2 0
github.com/can-acar/jarvis-mcp-sdk/schema.go:151.36,155.26 2 0
github.com/can-acar/jarvis-mcp-sdk/schema.go:155.26,156.12 1 0
github.com/can-acar/jarvis-mcp-sdk/schema.go:159.3,160.21 2 0
github.com/can-acar/jarvis-mcp-sdk/schema.go:160.21,161.12 1 0
github.com/can-acar/jarvis-mcp-sdk/schema.go:164.3,165.22 2 0
github.com/can-acar/jarvis-mcp-sdk/schema.go:165.22,166.12 1 0
github.com/can-acar/jarvis-mcp-sdk/schema.go:169.3,172.55 2 0
github.com/can-acar/jarvis-mcp-sdk/schema.go:172.55,174.4 1 0
github.com/can-acar/jarvis-mcp-sdk/schema.go:177.3,182.36 3 0
github.com/can-acar/jarvis-mcp-sdk/schema.go:182.36,184.4 1 0
github.com/can-acar/jarvis-mcp-sdk/schema.go:187.2,187.15 1 0
github.com/can-acar/jarvis-mcp-sdk/schema.go:190.91,191.19 1 0
github.com/can-acar/jarvis-mcp-sdk/schema.go:191.19,193.3 1 0
github.com/can-acar/jarvis-mcp-sdk/schema.go:195.2,196.20 2 0
github.com/can-acar/jarvis-mcp-sdk/schema.go:196.20,198.3 1 0
github.com/can-acar/jarvis-mcp-sdk/schema.go:200.2,200.17 1 0
github.com/can-acar/jarvis-mcp-sdk/schema.go:203.87,205.63 1 0
github.com/can-acar/jarvis-mcp-sdk/schema.go:205.63,207.3 1 0
github.com/can-acar/jarvis-mcp-sdk/schema.go:210.2,210.38 1 0
github.com/can-acar/jarvis-mcp-sdk/schema.go:210.38,212.3 1 0
github.com/can-acar/jarvis-mcp-sdk/schema.go:214.2,214.44 1 0
github.com/can-acar/jarvis-mcp-sdk/schema.go:214.44,216.3 1 0
github.com/can-acar/jarvis-mcp-sdk/schema.go:219.2,219.13 1 0
github.com/can-acar/jarvis-mcp-sdk/schema.go:222.100,224.44 1 0
github.com/can-acar/jarvis-mcp-sdk/schema.go:224.44,225.58 1 0
github.com/can-acar/jarvis-mcp-sdk/schema.go:225.58,228.4 1 0
github.com/can-acar/jarvis-mcp-sdk/schema.go:231.2,231.44 1 0
github.com/can-acar/jarvis-mcp-sdk/schema.go:231.44,232.58 1 0
github.com/can-acar/jarvis-mcp-sdk/schema.go:232.58,235.4 1 0
github.com/can-acar/jarvis-mcp-sdk/schema.go:239.2,239.47 1 0
github.com/can-acar/jarvis-mcp-sdk/schema.go:239.47,242.28 3 0
github.com/can-acar/jarvis-mcp-sdk/schema.go:242.28,244.4 1 0
github.com/can-acar/jarvis-mcp-sdk/schema.go:248.2,248.83 1 0
github.com/can-acar/jarvis-mcp-sdk/schema.go:248.83,251.3 1 0
github.com/can-acar/jarvis-mcp-sdk/schema.go:258.91,262.40 3 0
github.com/can-acar/jarvis-mcp-sdk/schema.go:262.40,265.3 2 0
github.com/can-acar/jarvis-mcp-sdk/schema.go:268.2,272.84 3 0
github.com/can-acar/jarvis-mcp-sdk/schema.go:272.84,274.30 1 0
github.com/can-acar/jarvis-mcp-sdk/schema.go:274.30,276.4 1 0
github.com/can-acar/jarvis-mcp-sdk/schema.go:278.3,284.72 3 0
github.com/can-acar/jarvis-mcp-sdk/schema.go:284.72,286.4 1 0
github.com/can-acar/jarvis-mcp-sdk/schema.go:289.3,297.24 3 0
github.com/can-acar/jarvis-mcp-sdk/schema.go:297.24,299.4 1 0
github.com/can-acar/jarvis-mcp-sdk/schema.go:302.3,302.26 1 0
github.com/can-acar/jarvis-mcp-sdk/schema.go:302.26,304.4 1 0
github.com/can-acar/jarvis-mcp-sdk/schema.go:306.3,306.37 1 0
github.com/can-acar/jarvis-mcp-sdk/schema.go:310.2,319.10 4 0
github.com/can-acar/jarvis-mcp-sdk/server.go:34.46,51.2 1 1
github.com/can-acar/jarvis-mcp-sdk/server.go:54.78,67.2 5 1
github.com/can-acar/jarvis-mcp-sdk/server.go:70.101,81.2 4 1
github.com/can-acar/jarvis-mcp-sdk/server.go:84.110,94.2 4 1
github.com/can-acar/jarvis-mcp-sdk/server.go:97.76,109.2 1 1
github.com/can-acar/jarvis-mcp-sdk/server.go:112.77,114.49 1 1
github.com/can-acar/jarvis-mcp-sdk/server.go:114.49,116.3 1 0
github.com/can-acar/jarvis-mcp-sdk/server.go:119.2,119.38 1 1
github.com/can-acar/jarvis-mcp-sdk/server.go:123.81,129.20 2 1
github.com/can-acar/jarvis-mcp-sdk/server.go:130.20,131.56 1 1
github.com/can-acar/jarvis-mcp-sdk/server.go:132.20,133.43 1 1
github.com/can-acar/jarvis-mcp-sdk/server.go:134.20,136.17 2 1
github.com/can-acar/jarvis-mcp-sdk/server.go:136.17,141.4 1 1
github.com/can-acar/jarvis-mcp-sdk/server.go:141.9,143.4 1 1
github.com/can-acar/jarvis-mcp-sdk/server.go:144.24,145.47 1 0
github.com/can-acar/jarvis-mcp-sdk/server.go:146.24,148.17 2 1
github.com/can-acar/jarvis-mcp-sdk/server.go:148.17,153.4 1 0
github.com/can-acar/jarvis-mcp-sdk/server.go:153.9,155.4 1 1
github.com/can-acar/jarvis-mcp-sdk/server.go:156.22,157.45 1 0
github.com/can-acar/jarvis-mcp-sdk/server.go:158.21,160.17 2 0
github.com/can-acar/jarvis-mcp-sdk/server.go:160.17,165.4 1 0
github.com/can-acar/jarvis-mcp-sdk/server.go:165.9,167.4 1 0
github.com/can-acar/jarvis-mcp-sdk/server.go:168.10,172.4 1 1
github.com/can-acar/jarvis-mcp-sdk/server.go:175.2,175.17 1 1
github.com/can-acar/jarvis-mcp-sdk/server.go:178.92,187.2 1 1
github.com/can-acar/jarvis-mcp-sdk/server.go:189.67,191.31 2 1
github.com/can-acar/jarvis-mcp-sdk/server.go:191.31,193.3 1 1
github.com/can-acar/jarvis-mcp-sdk/server.go:194.2,196.3 1 1
github.com/can-acar/jarvis-mcp-sdk/server.go:199.100,205.60 2 1
github.com/can-acar/jarvis-mcp-sdk/server.go:205.60,207.3 1 0
github.com/can-acar/jarvis-mcp-sdk/server.go:209.2,210.13 2 1
github.com/can-acar/jarvis-mcp-sdk/server.go:210.13,212.3 1 0
github.com/can-acar/jarvis-mcp-sdk/server.go:214.2,215.16 2 1
github.com/can-acar/jarvis-mcp-sdk/server.go:215.16,217.3 1 1
github.com/can-acar/jarvis-mcp-sdk/server.go:219.2,226.8 1 1
github.com/can-acar/jarvis-mcp-sdk/server.go:229.71,231.39 2 0
github.com/can-acar/jarvis-mcp-sdk/server.go:231.39,233.3 1 0
github.com/can-acar/jarvis-mcp-sdk/server.go:234.2,236.3 1 0
github.com/can-acar/jarvis-mcp-sdk/server.go:239.104,244.60 2 1
github.com/can-acar/jarvis-mcp-sdk/server.go:244.60,246.3 1 0
github.com/can-acar/jarvis-mcp-sdk/server.go:248.2,249.13 2 1
github.com/can-acar/jarvis-mcp-sdk/server.go:249.13,251.3 1 0
github.com/can-acar/jarvis-mcp-sdk/server.go:253.2,254.16 2 1
github.com/can-acar/jarvis-mcp-sdk/server.go:254.16,256.3 1 0
github.com/can-acar/jarvis-mcp-sdk/server.go:258.2,266.8 1 1
github.com/can-acar/jarvis-mcp-sdk/server.go:269.69,271.35 2 0
github.com/can-acar/jarvis-mcp-sdk/server.go:271.35,273.3 1 0
github.com/can-acar/jarvis-mcp-sdk/server.go:274.2,276.3 1 0
github.com/can-acar/jarvis-mcp-sdk/server.go:279.101,285.59 2 0
github.com/can-acar/jarvis-mcp-sdk/server.go:285.59,287.3 1 0
github.com/can-acar/jarvis-mcp-sdk/server.go:289.2,290.13 2 0
github.com/can-acar/jarvis-mcp-sdk/server.go:290.13,292.3 1 0
github.com/can-acar/jarvis-mcp-sdk/server.go:294.2,295.16 2 0
github.com/can-acar/jarvis-mcp-sdk/server.go:295.16,297.3 1 0
github.com/can-acar/jarvis-mcp-sdk/server.go:299.2,310.8 1 0
github.com/can-acar/jarvis-mcp-sdk/server.go:314.30,316.2 1 0
github.com/can-acar/jarvis-mcp-sdk/server.go:319.77,325.6 4 0
github.com/can-acar/jarvis-mcp-sdk/server.go:325.6,327.46 2 0
github.com/can-acar/jarvis-mcp-sdk/server.go:327.46,328.21 1 0
github.com/can-acar/jarvis-mcp-sdk/server.go:328.21,329.10 1 0
github.com/can-acar/jarvis-mcp-sdk/server.go:331.4,332.12 2 0
github.com/can-acar/jarvis-mcp-sdk/server.go:335.3,338.50 3 0
github.com/can-acar/jarvis-mcp-sdk/server.go:338.50,340.12 2 0
github.com/can-acar/jarvis-mcp-sdk/server.go:344.2,344.12 1 0
github.com/can-acar/jarvis-mcp-sdk/server.go:348.56,351.2 2 0
github.com/can-acar/jarvis-mcp-sdk/server.go:354.58,356.2 1 0
github.com/can-acar/jarvis-mcp-sdk/server.go:359.46,361.2 1 1
github.com/can-acar/jarvis-mcp-sdk/server.go:364.35,366.2 1 1
github.com/can-acar/jarvis-mcp-sdk/server.go:368.38,370.2 1 1
github.com/can-acar/jarvis-mcp-sdk/server.go:372.46,374.2 1 1
github.com/can-acar/jarvis-mcp-sdk/server.go:376.59,378.2 1 1
github.com/can-acar/jarvis-mcp-sdk/server.go:380.54,382.2 1 1
github.com/can-acar/jarvis-mcp-sdk/server.go:384.67,386.2 1 1
github.com/can-acar/jarvis-mcp-sdk/server.go:388.50,390.2 1 1
github.com/can-acar/jarvis-mcp-sdk/server.go:392.63,394.2 1 1
github.com/can-acar/jarvis-mcp-sdk/server.go:398.69,404.2 1 0
github.com/can-acar/jarvis-mcp-sdk/server.go:406.32,408.2 1 0
github.com/can-acar/jarvis-mcp-sdk/sse.go:24.35,31.2 1 1
github.com/can-acar/jarvis-mcp-sdk/sse.go:66.66,67.35 1 1
github.com/can-acar/jarvis-mcp-sdk/sse.go:67.35,69.3 1 0
github.com/can-acar/jarvis-mcp-sdk/sse.go:71.2,76.3 1 1
github.com/can-acar/jarvis-mcp-sdk/sse.go:80.73,82.33 1 1
github.com/can-acar/jarvis-mcp-sdk/sse.go:82.33,85.3 2 0
github.com/can-acar/jarvis-mcp-sdk/sse.go:88.2,88.32 1 1
github.com/can-acar/jarvis-mcp-sdk/sse.go:88.32,91.3 2 0
github.com/can-acar/jarvis-mcp-sdk/sse.go:94.2,98.43 4 1
github.com/can-acar/jarvis-mcp-sdk/sse.go:98.43,101.3 2 0
github.com/can-acar/jarvis-mcp-sdk/sse.go:104.2,104.84 1 1
github.com/can-acar/jarvis-mcp-sdk/sse.go:104.84,106.18 2 1
github.com/can-acar/jarvis-mcp-sdk/sse.go:106.18,108.78 2 1
github.com/can-acar/jarvis-mcp-sdk/sse.go:108.78,110.5 1 0
github.com/can-acar/jarvis-mcp-sdk/sse.go:113.3,113.55 1 1
github.com/can-acar/jarvis-mcp-sdk/sse.go:113.55,116.4 2 1
github.com/can-acar/jarvis-mcp-sdk/sse.go:120.2,121.9 2 1
github.com/can-acar/jarvis-mcp-sdk/sse.go:121.9,124.3 2 0
github.com/can-acar/jarvis-mcp-sdk/sse.go:127.2,133.26 6 1
github.com/can-acar/jarvis-mcp-sdk/sse.go:133.26,137.3 3 1
github.com/can-acar/jarvis-mcp-sdk/sse.go:140.2,168.56 12 1
github.com/can-acar/jarvis-mcp-sdk/sse.go:172.117,188.2 3 1
github.com/can-acar/jarvis-mcp-sdk/sse.go:191.35,198.6 3 1
github.com/can-acar/jarvis-mcp-sdk/sse.go:198.6,199.10 1 1
github.com/can-acar/jarvis-mcp-sdk/sse.go:200.24,201.10 1 1
github.com/can-acar/jarvis-mcp-sdk/sse.go:202.32,203.29 1 1
github.com/can-acar/jarvis-mcp-sdk/sse.go:203.29,205.5 1 0
github.com/can-acar/jarvis-mcp-sdk/sse.go:211.52,212.9 1 1
github.com/can-acar/jarvis-mcp-sdk/sse.go:213.29,216.17 3 1
github.com/can-acar/jarvis-mcp-sdk/sse.go:217.23,217.23 0 0
github.com/can-acar/jarvis-mcp-sdk/sse.go:218.10,219.86 1 0
github.com/can-acar/jarvis-mcp-sdk/sse.go:224.58,228.18 3 1
github.com/can-acar/jarvis-mcp-sdk/sse.go:228.18,230.3 1 0
github.com/can-acar/jarvis-mcp-sdk/sse.go:233.2,233.20 1 1
github.com/can-acar/jarvis-mcp-sdk/sse.go:233.20,234.73 1 0
github.com/can-acar/jarvis-mcp-sdk/sse.go:234.73,237.4 2 0
github.com/can-acar/jarvis-mcp-sdk/sse.go:241.2,241.23 1 1
github.com/can-acar/jarvis-mcp-sdk/sse.go:241.23,242.79 1 1
github.com/can-acar/jarvis-mcp-sdk/sse.go:242.79,245.4 2 0
github.com/can-acar/jarvis-mcp-sdk/sse.go:249.2,249.21 1 1
github.com/can-acar/jarvis-mcp-sdk/sse.go:249.21,250.79 1 0
github.com/can-acar/jarvis-mcp-sdk/sse.go:250.79,253.4 2 0
github.com/can-acar/jarvis-mcp-sdk/sse.go:257.2,258.16 2 1
github.com/can-acar/jarvis-mcp-sdk/sse.go:258.16,261.3 2 0
github.com/can-acar/jarvis-mcp-sdk/sse.go:263.2,263.85 1 1
github.com/can-acar/jarvis-mcp-sdk/sse.go:263.85,266.3 2 0
github.com/can-acar/jarvis-mcp-sdk/sse.go:269.2,270.13 2 1
github.com/can-acar/jarvis-mcp-sdk/sse.go:274.38,278.6 3 1
github.com/can-acar/jarvis-mcp-sdk/sse.go:278.6,279.10 1 1
github.com/can-acar/jarvis-mcp-sdk/sse.go:280.24,281.10 1 1
github.com/can-acar/jarvis-mcp-sdk/sse.go:282.19,288.6 1 0
github.com/can-acar/jarvis-mcp-sdk/sse.go:294.36,300.2 4 1
github.com/can-acar/jarvis-mcp-sdk/sse.go:303.54,307.38 3 1
github.com/can-acar/jarvis-mcp-sdk/sse.go:307.38,309.3 1 0
github.com/can-acar/jarvis-mcp-sdk/sse.go:313.87,318.13 4 0
github.com/can-acar/jarvis-mcp-sdk/sse.go:318.13,320.3 1 0
github.com/can-acar/jarvis-mcp-sdk/sse.go:322.2,323.13 2 0
github.com/can-acar/jarvis-mcp-sdk/sse.go:327.66,332.39 4 0
github.com/can-acar/jarvis-mcp-sdk/sse.go:332.39,334.3 1 0
github.com/can-acar/jarvis-mcp-sdk/sse.go:335.2,335.20 1 0
github.com/can-acar/jarvis-mcp-sdk/sse.go:339.48,343.2 3 0
github.com/can-acar/jarvis-mcp-sdk/sse.go:348.54,352.27 2 1
github.com/can-acar/jarvis-mcp-sdk/sse.go:352.27,355.3 2 1
github.com/can-acar/jarvis-mcp-sdk/sse.go:357.2,357.10 1 1
github.com/can-acar/jarvis-mcp-sdk/sse.go:361.52,362.25 1 1
github.com/can-acar/jarvis-mcp-sdk/sse.go:362.25,364.3 1 1
github.com/can-acar/jarvis-mcp-sdk/sse.go:368.85,369.25 1 0
github.com/can-acar/jarvis-mcp-sdk/sse.go:369.25,371.3 1 0
github.com/can-acar/jarvis-mcp-sdk/sse.go:372.2,372.14 1 0
github.com/can-acar/jarvis-mcp-sdk/sse.go:376.80,378.84 1 0
github.com/can-acar/jarvis-mcp-sdk/sse.go:378.84,380.23 2 0
github.com/can-acar/jarvis-mcp-sdk/sse.go:380.23,383.4 2 0
github.com/can-acar/jarvis-mcp-sdk/sse.go:386.3,387.33 2 0
github.com/can-acar/jarvis-mcp-sdk/sse.go:387.33,390.4 2 0
github.com/can-acar/jarvis-mcp-sdk/sse.go:394.2,395.16 2 0
github.com/can-acar/jarvis-mcp-sdk/sse.go:395.16,398.3 2 0
github.com/can-acar/jarvis-mcp-sdk/sse.go:400.2,401.58 2 0
github.com/can-acar/jarvis-mcp-sdk/sse.go:401.58,404.3 2 0
github.com/can-acar/jarvis-mcp-sdk/sse.go:407.2,414.60 5 0
github.com/can-acar/jarvis-mcp-sdk/sse.go:414.60,416.3 1 0
github.com/can-acar/jarvis-mcp-sdk/sse.go:420.46,423.19 3 1
github.com/can-acar/jarvis-mcp-sdk/sse.go:423.19,425.3 1 1
github.com/can-acar/jarvis-mcp-sdk/sse.go:426.2,426.18 1 1
github.com/can-acar/jarvis-mcp-sdk/streaming.go:100.88,101.28 1 0
github.com/can-acar/jarvis-mcp-sdk/streaming.go:101.28,103.3 1 0
github.com/can-acar/jarvis-mcp-sdk/streaming.go:105.2,120.11 4 0
github.com/can-acar/jarvis-mcp-sdk/streaming.go:124.96,126.2 1 1
github.com/can-acar/jarvis-mcp-sdk/streaming.go:147.47,164.2 1 1
github.com/can-acar/jarvis-mcp-sdk/streaming.go:167.130,168.28 1 1
github.com/can-acar/jarvis-mcp-sdk/streaming.go:168.28,170.3 1 1
github.com/can-acar/jarvis-mcp-sdk/streaming.go:171.2,171.25 1 1
github.com/can-acar/jarvis-mcp-sdk/streaming.go:171.25,173.3 1 1
github.com/can-acar/jarvis-mcp-sdk/streaming.go:174.2,174.30 1 1
github.com/can-acar/jarvis-mcp-sdk/streaming.go:174.30,176.3 1 1
github.com/can-acar/jarvis-mcp-sdk/streaming.go:179.2,191.84 2 1
github.com/can-acar/jarvis-mcp-sdk/streaming.go:191.84,199.17 4 0
github.com/can-acar/jarvis-mcp-sdk/streaming.go:199.17,202.4 2 0
github.com/can-acar/jarvis-mcp-sdk/streaming.go:205.3,216.32 2 0
github.com/can-acar/jarvis-mcp-sdk/streaming.go:216.32,218.4 1 0
github.com/can-acar/jarvis-mcp-sdk/streaming.go:219.3,227.9 2 0
github.com/can-acar/jarvis-mcp-sdk/streaming.go:231.2,237.10 4 1
github.com/can-acar/jarvis-mcp-sdk/streaming.go:241.47,243.56 1 1
github.com/can-acar/jarvis-mcp-sdk/streaming.go:243.56,245.3 1 0
github.com/can-acar/jarvis-mcp-sdk/streaming.go:248.2,248.121 1 1
github.com/can-acar/jarvis-mcp-sdk/streaming.go:248.121,254.61 2 0
github.com/can-acar/jarvis-mcp-sdk/streaming.go:254.61,256.4 1 0
github.com/can-acar/jarvis-mcp-sdk/streaming.go:258.3,258.28 1 0
github.com/can-acar/jarvis-mcp-sdk/streaming.go:258.28,260.4 1 0
github.com/can-acar/jarvis-mcp-sdk/streaming.go:262.3,262.80 1 0
github.com/can-acar/jarvis-mcp-sdk/streaming.go:266.2,266.125 1 1
github.com/can-acar/jarvis-mcp-sdk/streaming.go:266.125,271.63 2 0
github.com/can-acar/jarvis-mcp-sdk/streaming.go:271.63,273.4 1 0
github.com/can-acar/jarvis-mcp-sdk/streaming.go:275.3,275.66 1 0
github.com/can-acar/jarvis-mcp-sdk/streaming.go:280.72,284.2 3 0
github.com/can-acar/jarvis-mcp-sdk/streaming.go:287.91,292.13 4 0
github.com/can-acar/jarvis-mcp-sdk/streaming.go:292.13,294.3 1 0
github.com/can-acar/jarvis-mcp-sdk/streaming.go:297.2,301.14 4 0
github.com/can-acar/jarvis-mcp-sdk/streaming.go:301.14,307.3 1 0
github.com/can-acar/jarvis-mcp-sdk/streaming.go:310.2,314.29 4 0
github.com/can-acar/jarvis-mcp-sdk/streaming.go:314.29,315.10 1 0
github.com/can-acar/jarvis-mcp-sdk/streaming.go:316.40,317.11 1 0
github.com/can-acar/jarvis-mcp-sdk/streaming.go:317.11,330.5 5 0
github.com/can-acar/jarvis-mcp-sdk/streaming.go:332.4,336.23 3 0
github.com/can-acar/jarvis-mcp-sdk/streaming.go:336.23,348.5 5 0
github.com/can-acar/jarvis-mcp-sdk/streaming.go:350.20,352.25 1 0
github.com/can-acar/jarvis-mcp-sdk/streaming.go:352.25,358.5 1 0
github.com/can-acar/jarvis-mcp-sdk/streaming.go:360.4,365.10 1 0
github.com/can-acar/jarvis-mcp-sdk/streaming.go:367.33,380.10 5 0
github.com/can-acar/jarvis-mcp-sdk/streaming.go:384.2,389.8 1 0
github.com/can-acar/jarvis-mcp-sdk/streaming.go:393.82,398.13 4 0
github.com/can-acar/jarvis-mcp-sdk/streaming.go:398.13,400.3 1 0
github.com/can-acar/jarvis-mcp-sdk/streaming.go:403.2,416.8 6 0
github.com/can-acar/jarvis-mcp-sdk/streaming.go:420.47,421.36 1 0
github.com/can-acar/jarvis-mcp-sdk/streaming.go:421.36,425.3 3 0
github.com/can-acar/jarvis-mcp-sdk/streaming.go:429.66,431.16 2 0
github.com/can-acar/jarvis-mcp-sdk/streaming.go:431.16,433.3 1 0
github.com/can-acar/jarvis-mcp-sdk/streaming.go:435.2,440.3 1 0
github.com/can-acar/jarvis-mcp-sdk/streaming.go:444.59,449.2 1 0
github.com/can-acar/jarvis-mcp-sdk/streaming.go:452.55,457.2 1 0
github.com/can-acar/jarvis-mcp-sdk/streaming.go:460.48,467.2 1 0
github.com/can-acar/jarvis-mcp-sdk/streaming.go:503.55,508.2 1 0
github.com/can-acar/jarvis-mcp-sdk/streaming.go:511.98,515.34 3 0
github.com/can-acar/jarvis-mcp-sdk/streaming.go:515.34,517.3 1 0
github.com/can-acar/jarvis-mcp-sdk/streaming.go:519.2,521.48 2 0
github.com/can-acar/jarvis-mcp-sdk/streaming.go:521.48,526.3 3 0
github.com/can-acar/jarvis-mcp-sdk/streaming.go:528.2,528.12 1 0
github.com/can-acar/jarvis-mcp-sdk/streaming.go:532.74,536.52 3 0
github.com/can-acar/jarvis-mcp-sdk/streaming.go:536.52,539.3 2 0
github.com/can-acar/jarvis-mcp-sdk/streaming.go:541.2,541.12 1 0
github.com/can-acar/jarvis-mcp-sdk/streaming.go:547.110,551.2 3 0
github.com/can-acar/jarvis-mcp-sdk/streaming.go:554.124,558.55 3 0
github.com/can-acar/jarvis-mcp-sdk/streaming.go:558.55,560.3 1 0
github.com/can-acar/jarvis-mcp-sdk/streaming.go:563.2,563.46 1 0
github.com/can-acar/jarvis-mcp-sdk/streaming.go:563.46,565.3 1 0
github.com/can-acar/jarvis-mcp-sdk/streaming.go:568.2,590.37 4 0
github.com/can-acar/jarvis-mcp-sdk/streaming.go:590.37,593.3 2 0
github.com/can-acar/jarvis-mcp-sdk/streaming.go:595.2,603.21 6 0
github.com/can-acar/jarvis-mcp-sdk/streaming.go:607.81,608.15 1 0
github.com/can-acar/jarvis-mcp-sdk/streaming.go:608.15,613.31 4 0
github.com/can-acar/jarvis-mcp-sdk/streaming.go:613.31,616.4 2 0
github.com/can-acar/jarvis-mcp-sdk/streaming.go:618.3,618.19 1 0
github.com/can-acar/jarvis-mcp-sdk/streaming.go:622.2,626.13 4 0
github.com/can-acar/jarvis-mcp-sdk/streaming.go:626.13,629.3 2 0
github.com/can-acar/jarvis-mcp-sdk/streaming.go:632.2,633.68 2 0
github.com/can-acar/jarvis-mcp-sdk/streaming.go:633.68,636.3 2 0
github.com/can-acar/jarvis-mcp-sdk/streaming.go:638.2,638.31 1 0
github.com/can-acar/jarvis-mcp-sdk/streaming.go:642.46,646.21 3 0
github.com/can-acar/jarvis-mcp-sdk/streaming.go:646.21,649.39 3 0
github.com/can-acar/jarvis-mcp-sdk/streaming.go:649.39,650.34 1 0
github.com/can-acar/jarvis-mcp-sdk/streaming.go:650.34,652.5 1 0
github.com/can-acar/jarvis-mcp-sdk/streaming.go:654.3,656.36 2 0
github.com/can-acar/jarvis-mcp-sdk/streaming.go:656.36,658.4 1 0
github.com/can-acar/jarvis-mcp-sdk/streaming.go:663.123,665.16 2 0
github.com/can-acar/jarvis-mcp-sdk/streaming.go:665.16,667.3 1 0
github.com/can-acar/jarvis-mcp-sdk/streaming.go:669.2,692.26 10 0
github.com/can-acar/jarvis-mcp-sdk/streaming.go:696.85,701.13 4 0
github.com/can-acar/jarvis-mcp-sdk/streaming.go:701.13,703.3 1 0
github.com/can-acar/jarvis-mcp-sdk/streaming.go:705.2,705.21 1 0
github.com/can-acar/jarvis-mcp-sdk/streaming.go:709.68,714.38 4 0
github.com/can-acar/jarvis-mcp-sdk/streaming.go:714.38,718.3 3 0
github.com/can-acar/jarvis-mcp-sdk/streaming.go:720.2,727.3 1 0
github.com/can-acar/jarvis-mcp-sdk/streaming.go:733.56,739.2 1 0
github.com/can-acar/jarvis-mcp-sdk/streaming.go:742.76,753.2 5 0
github.com/can-acar/jarvis-mcp-sdk/streaming.go:756.64,764.2 2 0
github.com/can-acar/jarvis-mcp-sdk/streaming.go:767.56,774.2 2 0
github.com/can-acar/jarvis-mcp-sdk/streaming.go:777.73,784.2 1 0
github.com/can-acar/jarvis-mcp-sdk/streaming.go:787.45,793.2 1 0
github.com/can-acar/jarvis-mcp-sdk/streaming.go:796.54,801.2 4 0
github.com/can-acar/jarvis-mcp-sdk/streaming.go:804.72,808.2 3 0
github.com/can-acar/jarvis-mcp-sdk/streaming.go:811.65,815.2 3 0
github.com/can-acar/jarvis-mcp-sdk/streaming.go:818.56,822.2 3 0
github.com/can-acar/jarvis-mcp-sdk/streaming.go:825.58,834.39 7 0
github.com/can-acar/jarvis-mcp-sdk/streaming.go:834.39,837.3 1 0
github.com/can-acar/jarvis-mcp-sdk/streaming.go:838.2,846.39 5 0
github.com/can-acar/jarvis-mcp-sdk/streaming.go:850.80,853.37 3 0
github.com/can-acar/jarvis-mcp-sdk/streaming.go:853.37,854.17 1 0
github.com/can-acar/jarvis-mcp-sdk/streaming.go:854.17,856.4 1 0
github.com/can-acar/jarvis-mcp-sdk/streaming.go:858.2,860.34 2 0
github.com/can-acar/jarvis-mcp-sdk/streaming.go:860.34,862.49 1 0
github.com/can-acar/jarvis-mcp-sdk/streaming.go:862.50,865.4 0 0
github.com/can-acar/jarvis-mcp-sdk/streaming.go:870.102,872.27 1 0
github.com/can-acar/jarvis-mcp-sdk/streaming.go:872.27,874.34 2 0
github.com/can-acar/jarvis-mcp-sdk/streaming.go:874.34,875.24 1 0
github.com/can-acar/jarvis-mcp-sdk/streaming.go:875.24,877.10 2 0
github.com/can-acar/jarvis-mcp-sdk/streaming.go:880.3,880.13 1 0
github.com/can-acar/jarvis-mcp-sdk/streaming.go:880.13,882.4 1 0
github.com/can-acar/jarvis-mcp-sdk/streaming.go:886.2,886.28 1 0
github.com/can-acar/jarvis-mcp-sdk/streaming.go:886.28,887.80 1 0
github.com/can-acar/jarvis-mcp-sdk/streaming.go:887.80,889.4 1 0
github.com/can-acar/jarvis-mcp-sdk/streaming.go:890.3,890.80 1 0
github.com/can-acar/jarvis-mcp-sdk/streaming.go:890.80,892.4 1 0
github.com/can-acar/jarvis-mcp-sdk/streaming.go:896.2,896.30 1 0
github.com/can-acar/jarvis-mcp-sdk/streaming.go:896.30,899.43 3 0
github.com/can-acar/jarvis-mcp-sdk/streaming.go:899.43,900.76 1 0
github.com/can-acar/jarvis-mcp-sdk/streaming.go:900.76,902.10 2 0
github.com/can-acar/jarvis-mcp-sdk/streaming.go:905.3,905.13 1 0
github.com/can-acar/jarvis-mcp-sdk/streaming.go:905.13,907.4 1 0
github.com/can-acar/jarvis-mcp-sdk/streaming.go:910.2,910.13 1 0
github.com/can-acar/jarvis-mcp-sdk/streaming.go:914.97,921.35 5 0
github.com/can-acar/jarvis-mcp-sdk/streaming.go:921.35,922.54 1 0
github.com/can-acar/jarvis-mcp-sdk/streaming.go:922.54,925.4 2 0
github.com/can-acar/jarvis-mcp-sdk/streaming.go:928.2,928.16 1 0
github.com/can-acar/jarvis-mcp-sdk/streaming.go:932.46,933.31 1 0
github.com/can-acar/jarvis-mcp-sdk/streaming.go:933.31,935.3 1 0
github.com/can-acar/jarvis-mcp-sdk/streaming.go:937.2,937.6 1 0
github.com/can-acar/jarvis-mcp-sdk/streaming.go:937.6,938.10 1 0
github.com/can-acar/jarvis-mcp-sdk/streaming.go:939.28,940.10 1 0
github.com/can-acar/jarvis-mcp-sdk/streaming.go:941.31,942.22 1 0
github.com/can-acar/jarvis-mcp-sdk/streaming.go:948.38,952.31 2 0
github.com/can-acar/jarvis-mcp-sdk/streaming.go:952.31,954.3 1 0
github.com/can-acar/jarvis-mcp-sdk/streaming.go:957.2,958.37 2 0
github.com/can-acar/jarvis-mcp-sdk/streaming.go:958.37,960.3 1 0
github.com/can-acar/jarvis-mcp-sdk/streaming.go:961.2,963.13 2 0
github.com/can-acar/jarvis-mcp-sdk/streaming.go:969.143,970.90 1 0
github.com/can-acar/jarvis-mcp-sdk/streaming.go:970.90,976.55 2 0
github.com/can-acar/jarvis-mcp-sdk/streaming.go:976.55,978.4 1 0
github.com/can-acar/jarvis-mcp-sdk/streaming.go:980.3,980.28 1 0
github.com/can-acar/jarvis-mcp-sdk/streaming.go:980.28,982.4 1 0
github.com/can-acar/jarvis-mcp-sdk/streaming.go:984.3,988.60 3 0
github.com/can-acar/jarvis-mcp-sdk/streaming.go:988.60,989.11 1 0
github.com/can-acar/jarvis-mcp-sdk/streaming.go:990.22,991.21 1 0
github.com/can-acar/jarvis-mcp-sdk/streaming.go:992.12,992.12 0 0
github.com/can-acar/jarvis-mcp-sdk/streaming.go:995.4,996.31 2 0
github.com/can-acar/jarvis-mcp-sdk/streaming.go:996.31,998.5 1 0
github.com/can-acar/jarvis-mcp-sdk/streaming.go:1000.4,1003.31 2 0
github.com/can-acar/jarvis-mcp-sdk/streaming.go:1003.31,1004.57 1 0
github.com/can-acar/jarvis-mcp-sdk/streaming.go:1004.57,1006.14 2 0
github.com/can-acar/jarvis-mcp-sdk/streaming.go:1010.5,1011.88 2 0
github.com/can-acar/jarvis-mcp-sdk/streaming.go:1015.3,1015.13 1 0
github.com/can-acar/jarvis-mcp-sdk/streaming.go:1020.86,1021.90 1 0
github.com/can-acar/jarvis-mcp-sdk/streaming.go:1021.90,1025.7 3 0
github.com/can-acar/jarvis-mcp-sdk/streaming.go:1025.7,1026.11 1 0
github.com/can-acar/jarvis-mcp-sdk/streaming.go:1027.22,1028.21 1 0
github.com/can-acar/jarvis-mcp-sdk/streaming.go:1029.12,1029.12 0 0
github.com/can-acar/jarvis-mcp-sdk/streaming.go:1032.4,1033.13 2 0
github.com/can-acar/jarvis-mcp-sdk/streaming.go:1033.13,1039.5 4 0
github.com/can-acar/jarvis-mcp-sdk/streaming.go:1041.4,1041.18 1 0
github.com/can-acar/jarvis-mcp-sdk/streaming.go:1041.18,1042.22 1 0
github.com/can-acar/jarvis-mcp-sdk/streaming.go:1042.22,1043.11 1 0
github.com/can-acar/jarvis-mcp-sdk/streaming.go:1045.5,1045.15 1 0
github.com/can-acar/jarvis-mcp-sdk/streaming.go:1049.3,1049.13 1 0
github.com/can-acar/jarvis-mcp-sdk/streaming.go:1056.74,1057.31 1 0
github.com/can-acar/jarvis-mcp-sdk/streaming.go:1057.31,1059.3 1 0
github.com/can-acar/jarvis-mcp-sdk/streaming.go:1062.2,1069.10 7 0
github.com/can-acar/jarvis-mcp-sdk/streaming.go:1073.107,1074.31 1 0
github.com/can-acar/jarvis-mcp-sdk/streaming.go:1074.31,1076.3 1 0
github.com/can-acar/jarvis-mcp-sdk/streaming.go:1077.2,1077.10 1 0
github.com/can-acar/jarvis-mcp-sdk/streaming.go:1082.117,1088.54 2 0
github.com/can-acar/jarvis-mcp-sdk/streaming.go:1088.54,1090.3 1 0
github.com/can-acar/jarvis-mcp-sdk/streaming.go:1092.2,1092.31 1 0
github.com/can-acar/jarvis-mcp-sdk/streaming.go:1092.31,1094.3 1 0
github.com/can-acar/jarvis-mcp-sdk/streaming.go:1096.2,1097.16 2 0
github.com/can-acar/jarvis-mcp-sdk/streaming.go:1097.16,1099.3 1 0
github.com/can-acar/jarvis-mcp-sdk/streaming.go:1101.2,1106.8 1 0
github.com/can-acar/jarvis-mcp-sdk/streaming.go:1109.115,1116.54 2 0
github.com/can-acar/jarvis-mcp-sdk/streaming.go:1116.54,1118.3 1 0
github.com/can-acar/jarvis-mcp-sdk/streaming.go:1120.2,1120.28 1 0
github.com/can-acar/jarvis-mcp-sdk/streaming.go:1120.28,1122.3 1 0
github.com/can-acar/jarvis-mcp-sdk/streaming.go:1124.2,1124.31 1 0
github.com/can-acar/jarvis-mcp-sdk/streaming.go:1124.31,1126.3 1 0
github.com/can-acar/jarvis-mcp-sdk/streaming.go:1128.2,1129.16 2 0
github.com/can-acar/jarvis-mcp-sdk/streaming.go:1129.16,1131.3 1 0
github.com/can-acar/jarvis-mcp-sdk/streaming.go:1133.2,1140.8 2 0
github.com/can-acar/jarvis-mcp-sdk/streaming.go:1143.117,1148.54 2 0
github.com/can-acar/jarvis-mcp-sdk/streaming.go:1148.54,1150.3 1 0
github.com/can-acar/jarvis-mcp-sdk/streaming.go:1152.2,1152.31 1 0
github.com/can-acar/jarvis-mcp-sdk/streaming.go:1152.31,1154.3 1 0
github.com/can-acar/jarvis-mcp-sdk/streaming.go:1156.2,1157.16 2 0
github.com/can-acar/jarvis-mcp-sdk/streaming.go:1157.16,1159.3 1 0
github.com/can-acar/jarvis-mcp-sdk/streaming.go:1161.2,1167.8 3 0
github.com/can-acar/jarvis-mcp-sdk/streaming.go:1170.117,1171.31 1 0
github.com/can-acar/jarvis-mcp-sdk/streaming.go:1171.31,1173.3 1 0
github.com/can-acar/jarvis-mcp-sdk/streaming.go:1175.2,1175.48 1 0
github.com/can-acar/jarvis-mcp-sdk/streaming.go:1178.112,1185.54 2 0
github.com/can-acar/jarvis-mcp-sdk/streaming.go:1185.54,1187.3 1 0
github.com/can-acar/jarvis-mcp-sdk/streaming.go:1189.2,1189.31 1 0
github.com/can-acar/jarvis-mcp-sdk/streaming.go:1189.31,1191.3 1 0
github.com/can-acar/jarvis-mcp-sdk/streaming.go:1193.2,1194.16 2 0
github.com/can-acar/jarvis-mcp-sdk/streaming.go:1194.16,1196.3 1 0
github.com/can-acar/jarvis-mcp-sdk/streaming.go:1198.2,1203.8 1 0
github.com/can-acar/jarvis-mcp-sdk/streaming.go:1206.105,1213.54 2 0
github.com/can-acar/jarvis-mcp-sdk/streaming.go:1213.54,1215.3 1 0
github.com/can-acar/jarvis-mcp-sdk/streaming.go:1217.2,1217.28 1 0
github.com/can-acar/jarvis-mcp-sdk/streaming.go:1217.28,1219.3 1 0
github.com/can-acar/jarvis-mcp-sdk/streaming.go:1221.2,1221.31 1 0
github.com/can-acar/jarvis-mcp-sdk/streaming.go:1221.31,1223.3 1 0
github.com/can-acar/jarvis-mcp-sdk/streaming.go:1225.2,1226.16 2 0
github.com/can-acar/jarvis-mcp-sdk/streaming.go:1226.16,1228.3 1 0
github.com/can-acar/jarvis-mcp-sdk/streaming.go:1230.2,1237.8 2 0
github.com/can-acar/jarvis-mcp-sdk/validation_middleware.go:51.69,52.26 1 1
github.com/can-acar/jarvis-mcp-sdk/validation_middleware.go:52.26,54.3 1 0
github.com/can-acar/jarvis-mcp-sdk/validation_middleware.go:56.2,58.3 1 1
github.com/can-acar/jarvis-mcp-sdk/validation_middleware.go:62.77,69.51 2 1
github.com/can-acar/jarvis-mcp-sdk/validation_middleware.go:69.51,70.31 1 0
github.com/can-acar/jarvis-mcp-sdk/validation_middleware.go:70.31,72.4 1 0
github.com/can-acar/jarvis-mcp-sdk/validation_middleware.go:76.2,79.49 2 1
github.com/can-acar/jarvis-mcp-sdk/validation_middleware.go:79.49,81.3 1 1
github.com/can-acar/jarvis-mcp-sdk/validation_middleware.go:84.2,89.15 3 1
github.com/can-acar/jarvis-mcp-sdk/validation_middleware.go:92.92,94.26 1 1
github.com/can-acar/jarvis-mcp-sdk/validation_middleware.go:94.26,101.3 2 0
github.com/can-acar/jarvis-mcp-sdk/validation_middleware.go:104.2,104.22 1 1
github.com/can-acar/jarvis-mcp-sdk/validation_middleware.go:104.22,110.3 2 0
github.com/can-acar/jarvis-mcp-sdk/validation_middleware.go:110.8,110.42 1 1
github.com/can-acar/jarvis-mcp-sdk/validation_middleware.go:110.42,117.3 2 0
github.com/can-acar/jarvis-mcp-sdk/validation_middleware.go:120.2,120.19 1 1
github.com/can-acar/jarvis-mcp-sdk/validation_middleware.go:120.19,126.3 2 0
github.com/can-acar/jarvis-mcp-sdk/validation_middleware.go:129.98,131.53 2 1
github.com/can-acar/jarvis-mcp-sdk/validation_middleware.go:131.53,138.3 3 0
github.com/can-acar/jarvis-mcp-sdk/validation_middleware.go:141.2,141.63 1 1
github.com/can-acar/jarvis-mcp-sdk/validation_middleware.go:141.63,147.3 2 0
github.com/can-acar/jarvis-mcp-sdk/validation_middleware.go:150.92,151.20 1 1
github.com/can-acar/jarvis-mcp-sdk/validation_middleware.go:152.20,153.36 1 1
github.com/can-acar/jarvis-mcp-sdk/validation_middleware.go:154.24,155.40 1 0
github.com/can-acar/jarvis-mcp-sdk/validation_middleware.go:156.21,157.37 1 0
github.com/can-acar/jarvis-mcp-sdk/validation_middleware.go:161.87,162.23 1 1
github.com/can-acar/jarvis-mcp-sdk/validation_middleware.go:162.23,169.3 3 0
github.com/can-acar/jarvis-mcp-sdk/validation_middleware.go:171.2,172.60 2 1
github.com/can-acar/jarvis-mcp-sdk/validation_middleware.go:172.60,179.3 3 0
github.com/can-acar/jarvis-mcp-sdk/validation_middleware.go:182.2,183.13 2 1
github.com/can-acar/jarvis-mcp-sdk/validation_middleware.go:183.13,189.3 2 0
github.com/can-acar/jarvis-mcp-sdk/validation_middleware.go:189.8,189.63 1 1
github.com/can-acar/jarvis-mcp-sdk/validation_middleware.go:189.63,196.3 2 0
github.com/can-acar/jarvis-mcp-sdk/validation_middleware.go:199.2,199.49 1 1
github.com/can-acar/jarvis-mcp-sdk/validation_middleware.go:199.49,200.49 1 1
github.com/can-acar/jarvis-mcp-sdk/validation_middleware.go:200.49,207.4 2 0
github.com/can-acar/jarvis-mcp-sdk/validation_middleware.go:211.91,212.23 1 0
github.com/can-acar/jarvis-mcp-sdk/validation_middleware.go:212.23,219.3 3 0
github.com/can-acar/jarvis-mcp-sdk/validation_middleware.go:221.2,222.60 2 0
github.com/can-acar/jarvis-mcp-sdk/validation_middleware.go:222.60,229.3 3 0
github.com/can-acar/jarvis-mcp-sdk/validation_middleware.go:232.2,233.13 2 0
github.com/can-acar/jarvis-mcp-sdk/validation_middleware.go:233.13,239.3 2 0
github.com/can-acar/jarvis-mcp-sdk/validation_middleware.go:239.8,239.60 1 0
github.com/can-acar/jarvis-mcp-sdk/validation_middleware.go:239.60,246.3 2 0
github.com/can-acar/jarvis-mcp-sdk/validation_middleware.go:246.8,246.35 1 0
github.com/can-acar/jarvis-mcp-sdk/validation_middleware.go:246.35,253.3 2 0
github.com/can-acar/jarvis-mcp-sdk/validation_middleware.go:256.88,257.23 1 0
github.com/can-acar/jarvis-mcp-sdk/validation_middleware.go:257.23,264.3 3 0
github.com/can-acar/jarvis-mcp-sdk/validation_middleware.go:266.2,267.60 2 0
github.com/can-acar/jarvis-mcp-sdk/validation_middleware.go:267.60,274.3 3 0
github.com/can-acar/jarvis-mcp-sdk/validation_middleware.go:277.2,278.13 2 0
github.com/can-acar/jarvis-mcp-sdk/validation_middleware.go:278.13,284.3 2 0
github.com/can-acar/jarvis-mcp-sdk/validation_middleware.go:284.8,284.63 1 0
github.com/can-acar/jarvis-mcp-sdk/validation_middleware.go:284.63,291.3 2 0
github.com/can-acar/jarvis-mcp-sdk/validation_middleware.go:294.86,295.23 1 1
github.com/can-acar/jarvis-mcp-sdk/validation_middleware.go:295.23,297.3 1 0
github.com/can-acar/jarvis-mcp-sdk/validation_middleware.go:299.2,300.60 2 1
github.com/can-acar/jarvis-mcp-sdk/validation_middleware.go:300.60,302.3 1 0
github.com/can-acar/jarvis-mcp-sdk/validation_middleware.go:304.2,304.45 1 1
github.com/can-acar/jarvis-mcp-sdk/validation_middleware.go:304.45,306.3 1 1
github.com/can-acar/jarvis-mcp-sdk/validation_middleware.go:309.117,312.19 2 1
github.com/can-acar/jarvis-mcp-sdk/validation_middleware.go:313.18,314.14 1 0
github.com/can-acar/jarvis-mcp-sdk/validation_middleware.go:314.14,320.4 2 0
github.com/can-acar/jarvis-mcp-sdk/validation_middleware.go:321.17,322.29 1 0
github.com/can-acar/jarvis-mcp-sdk/validation_middleware.go:322.29,323.42 1 0
github.com/can-acar/jarvis-mcp-sdk/validation_middleware.go:323.42,324.47 1 0
github.com/can-acar/jarvis-mcp-sdk/validation_middleware.go:324.47,325.71 1 0
github.com/can-acar/jarvis-mcp-sdk/validation_middleware.go:325.71,332.7 2 0
github.com/can-acar/jarvis-mcp-sdk/validation_middleware.go:336.15,337.29 1 1
github.com/can-acar/jarvis-mcp-sdk/validation_middleware.go:337.29,339.4 1 1
github.com/can-acar/jarvis-mcp-sdk/validation_middleware.go:340.16,341.38 1 0
github.com/can-acar/jarvis-mcp-sdk/validation_middleware.go:341.38,342.48 1 0
github.com/can-acar/jarvis-mcp-sdk/validation_middleware.go:342.48,349.5 2 0
github.com/can-acar/jarvis-mcp-sdk/validation_middleware.go:354.109,356.9 2 1
github.com/can-acar/jarvis-mcp-sdk/validation_middleware.go:356.9,358.3 1 0
github.com/can-acar/jarvis-mcp-sdk/validation_middleware.go:360.2,363.27 3 1
github.com/can-acar/jarvis-mcp-sdk/validation_middleware.go:364.11,366.15 2 0
github.com/can-acar/jarvis-mcp-sdk/validation_middleware.go:367.13,369.15 2 0
github.com/can-acar/jarvis-mcp-sdk/validation_middleware.go:370.15,372.15 2 1
github.com/can-acar/jarvis-mcp-sdk/validation_middleware.go:373.14,374.59 1 0
github.com/can-acar/jarvis-mcp-sdk/validation_middleware.go:374.59,377.4 2 0
github.com/can-acar/jarvis-mcp-sdk/validation_middleware.go:380.2,380.12 1 1
github.com/can-acar/jarvis-mcp-sdk/validation_middleware.go:380.12,382.3 1 0
github.com/can-acar/jarvis-mcp-sdk/validation_middleware.go:384.2,384.44 1 1
github.com/can-acar/jarvis-mcp-sdk/validation_middleware.go:384.44,385.63 1 1
github.com/can-acar/jarvis-mcp-sdk/validation_middleware.go:385.63,392.4 2 0
github.com/can-acar/jarvis-mcp-sdk/validation_middleware.go:395.2,395.44 1 1
github.com/can-acar/jarvis-mcp-sdk/validation_middleware.go:395.44,396.63 1 1
github.com/can-acar/jarvis-mcp-sdk/validation_middleware.go:396.63,403.4 2 1
github.com/can-acar/jarvis-mcp-sdk/validation_middleware.go:407.109,411.27 3 1
github.com/can-acar/jarvis-mcp-sdk/validation_middleware.go:411.27,412.23 1 1
github.com/can-acar/jarvis-mcp-sdk/validation_middleware.go:412.23,416.4 2 1
github.com/can-acar/jarvis-mcp-sdk/validation_middleware.go:419.3,419.43 1 1
github.com/can-acar/jarvis-mcp-sdk/validation_middleware.go:419.43,420.56 1 1
github.com/can-acar/jarvis-mcp-sdk/validation_middleware.go:420.56,422.5 1 1
github.com/can-acar/jarvis-mcp-sdk/validation_middleware.go:422.10,424.5 1 0
github.com/can-acar/jarvis-mcp-sdk/validation_middleware.go:425.9,427.4 1 0
github.com/can-acar/jarvis-mcp-sdk/validation_middleware.go:430.2,430.19 1 0
github.com/can-acar/jarvis-mcp-sdk/validation_middleware.go:433.96,434.24 1 1
github.com/can-acar/jarvis-mcp-sdk/validation_middleware.go:434.24,436.3 1 1
github.com/can-acar/jarvis-mcp-sdk/validation_middleware.go:437.2,437.23 1 0
github.com/can-acar/jarvis-mcp-sdk/validation_middleware.go:440.63,454.43 2 1
github.com/can-acar/jarvis-mcp-sdk/validation_middleware.go:454.43,455.28 1 1
github.com/can-acar/jarvis-mcp-sdk/validation_middleware.go:455.28,457.4 1 1
github.com/can-acar/jarvis-mcp-sdk/validation_middleware.go:461.2,461.99 1 0
github.com/can-acar/jarvis-mcp-sdk/validation_middleware.go:464.57,467.2 1 0
github.com/can-acar/jarvis-mcp-sdk/validation_middleware.go:469.63,470.25 1 1
github.com/can-acar/jarvis-mcp-sdk/validation_middleware.go:471.30,473.27 2 1
github.com/can-acar/jarvis-mcp-sdk/validation_middleware.go:473.27,475.24 2 1
github.com/can-acar/jarvis-mcp-sdk/validation_middleware.go:475.24,477.5 1 1
github.com/can-acar/jarvis-mcp-sdk/validation_middleware.go:479.3,479.22 1 1
github.com/can-acar/jarvis-mcp-sdk/validation_middleware.go:480.21,482.27 2 0
github.com/can-acar/jarvis-mcp-sdk/validation_middleware.go:482.27,484.24 2 0
github.com/can-acar/jarvis-mcp-sdk/validation_middleware.go:484.24,486.5 1 0
github.com/can-acar/jarvis-mcp-sdk/validation_middleware.go:488.3,488.22 1 0
github.com/can-acar/jarvis-mcp-sdk/validation_middleware.go:489.10,490.11 1 1
github.com/can-acar/jarvis-mcp-sdk/validation_middleware.go:495.67,498.50 2 0
github.com/can-acar/jarvis-mcp-sdk/validation_middleware.go:498.50,499.60 1 0
github.com/can-acar/jarvis-mcp-sdk/validation_middleware.go:499.60,500.23 1 0
github.com/can-acar/jarvis-mcp-sdk/validation_middleware.go:500.23,502.5 1 0
github.com/can-acar/jarvis-mcp-sdk/validation_middleware.go:505.4,507.21 2 0
github.com/can-acar/jarvis-mcp-sdk/validation_middleware.go:507.21,523.5 3 0
github.com/can-acar/jarvis-mcp-sdk/validation_middleware.go:526.4,529.25 3 0
github.com/can-acar/jarvis-mcp-sdk/validation_middleware.go:535.83,536.50 1 0
github.com/can-acar/jarvis-mcp-sdk/validation_middleware.go:536.50,537.60 1 0
github.com/can-acar/jarvis-mcp-sdk/validation_middleware.go:537.60,539.55 1 0
github.com/can-acar/jarvis-mcp-sdk/validation_middleware.go:539.55,541.5 1 0
github.com/can-acar/jarvis-mcp-sdk/validation_middleware.go:543.4,544.62 2 0
github.com/can-acar/jarvis-mcp-sdk/validation_middleware.go:544.62,546.5 1 0
github.com/can-acar/jarvis-mcp-sdk/validation_middleware.go:548.4,549.15 2 0
github.com/can-acar/jarvis-mcp-sdk/validation_middleware.go:549.15,551.5 1 0
github.com/can-acar/jarvis-mcp-sdk/validation_middleware.go:553.4,554.11 2 0
github.com/can-acar/jarvis-mcp-sdk/validation_middleware.go:554.11,556.5 1 0
github.com/can-acar/jarvis-mcp-sdk/validation_middleware.go:559.4,560.15 2 0
github.com/can-acar/jarvis-mcp-sdk/validation_middleware.go:560.15,562.5 1 0
github.com/can-acar/jarvis-mcp-sdk/validation_middleware.go:565.4,565.51 1 0
github.com/can-acar/jarvis-mcp-sdk/validation_middleware.go:565.51,566.63 1 0
github.com/can-acar/jarvis-mcp-sdk/validation_middleware.go:566.63,579.6 1 0
github.com/can-acar/jarvis-mcp-sdk/validation_middleware.go:582.4,582.25 1 0
github.com/can-acar/jarvis-mcp-sdk/validation_middleware.go:588.71,592.23 1 0
github.com/can-acar/jarvis-mcp-sdk/validation_middleware.go:592.23,593.39 1 0
github.com/can-acar/jarvis-mcp-sdk/validation_middleware.go:593.39,595.4 1 0
github.com/can-acar/jarvis-mcp-sdk/validation_middleware.go:598.2,598.57 1 0
github.com/can-acar/jarvis-mcp-sdk/validation_middleware.go:598.57,600.10 2 0
github.com/can-acar/jarvis-mcp-sdk/validation_middleware.go:600.10,602.4 1 0
github.com/can-acar/jarvis-mcp-sdk/validation_middleware.go:605.3,605.44 1 0
github.com/can-acar/jarvis-mcp-sdk/validation_middleware.go:605.44,606.47 1 0
github.com/can-acar/jarvis-mcp-sdk/validation_middleware.go:606.47,608.5 1 0
github.com/can-acar/jarvis-mcp-sdk/validation_middleware.go:612.3,612.55 1 0
github.com/can-acar/jarvis-mcp-sdk/validation_middleware.go:612.55,613.50 1 0
github.com/can-acar/jarvis-mcp-sdk/validation_middleware.go:613.50,614.68 1 0
github.com/can-acar/jarvis-mcp-sdk/validation_middleware.go:614.68,616.6 1 0
github.com/can-acar/jarvis-mcp-sdk/validation_middleware.go:621.2,621.12 1 0
github.com/can-acar/jarvis-mcp-sdk/validation_middleware.go:624.63,625.22 1 0
github.com/can-acar/jarvis-mcp-sdk/validation_middleware.go:626.16,628.12 2 0
github.com/can-acar/jarvis-mcp-sdk/validation_middleware.go:629.16,630.22 1 0
github.com/can-acar/jarvis-mcp-sdk/validation_middleware.go:631.28,632.15 1 0
github.com/can-acar/jarvis-mcp-sdk/validation_middleware.go:633.11,634.16 1 0
github.com/can-acar/jarvis-mcp-sdk/validation_middleware.go:636.17,637.22 1 0
github.com/can-acar/jarvis-mcp-sdk/validation_middleware.go:638.19,639.15 1 0
github.com/can-acar/jarvis-mcp-sdk/validation_middleware.go:640.11,641.16 1 0
github.com/can-acar/jarvis-mcp-sdk/validation_middleware.go:643.17,645.12 2 0
github.com/can-acar/jarvis-mcp-sdk/validation_middleware.go:646.15,648.12 2 0
github.com/can-acar/jarvis-mcp-sdk/validation_middleware.go:649.16,651.12 2 0
github.com/can-acar/jarvis-mcp-sdk/validation_middleware.go:652.10,653.14 1 0
github.com/can-acar/jarvis-mcp-sdk/web_handlers.go:39.78,40.32 1 1
github.com/can-acar/jarvis-mcp-sdk/web_handlers.go:40.32,43.3 2 0
github.com/can-acar/jarvis-mcp-sdk/web_handlers.go:45.2,53.65 2 1
github.com/can-acar/jarvis-mcp-sdk/web_handlers.go:53.65,61.3 2 0
github.com/can-acar/jarvis-mcp-sdk/web_handlers.go:63.2,66.4 1 1
github.com/can-acar/jarvis-mcp-sdk/web_handlers.go:70.82,71.32 1 1
github.com/can-acar/jarvis-mcp-sdk/web_handlers.go:71.32,74.3 2 0
github.com/can-acar/jarvis-mcp-sdk/web_handlers.go:76.2,96.4 2 1
github.com/can-acar/jarvis-mcp-sdk/web_handlers.go:100.81,101.32 1 1
github.com/can-acar/jarvis-mcp-sdk/web_handlers.go:101.32,104.3 2 1
github.com/can-acar/jarvis-mcp-sdk/web_handlers.go:107.2,117.27 4 1
github.com/can-acar/jarvis-mcp-sdk/web_handlers.go:117.27,126.3 2 0
github.com/can-acar/jarvis-mcp-sdk/web_handlers.go:128.2,131.4 1 1
github.com/can-acar/jarvis-mcp-sdk/web_handlers.go:135.81,136.33 1 1
github.com/can-acar/jarvis-mcp-sdk/web_handlers.go:136.33,139.3 2 1
github.com/can-acar/jarvis-mcp-sdk/web_handlers.go:142.2,143.16 2 1
github.com/can-acar/jarvis-mcp-sdk/web_handlers.go:143.16,146.3 2 0
github.com/can-acar/jarvis-mcp-sdk/web_handlers.go:148.2,149.56 2 1
github.com/can-acar/jarvis-mcp-sdk/web_handlers.go:149.56,152.3 2 0
github.com/can-acar/jarvis-mcp-sdk/web_handlers.go:155.2,155.25 1 1
github.com/can-acar/jarvis-mcp-sdk/web_handlers.go:155.25,158.3 2 0
github.com/can-acar/jarvis-mcp-sdk/web_handlers.go:161.2,167.16 3 1
github.com/can-acar/jarvis-mcp-sdk/web_handlers.go:167.16,170.3 2 0
github.com/can-acar/jarvis-mcp-sdk/web_handlers.go:173.2,184.27 4 1
github.com/can-acar/jarvis-mcp-sdk/web_handlers.go:184.27,193.3 2 1
github.com/can-acar/jarvis-mcp-sdk/web_handlers.go:195.2,198.4 1 1
github.com/can-acar/jarvis-mcp-sdk/web_handlers.go:202.85,203.32 1 0
github.com/can-acar/jarvis-mcp-sdk/web_handlers.go:203.32,206.3 2 0
github.com/can-acar/jarvis-mcp-sdk/web_handlers.go:209.2,219.27 4 0
github.com/can-acar/jarvis-mcp-sdk/web_handlers.go:219.27,228.3 2 0
github.com/can-acar/jarvis-mcp-sdk/web_handlers.go:230.2,233.4 1 0
github.com/can-acar/jarvis-mcp-sdk/web_handlers.go:237.85,238.33 1 1
github.com/can-acar/jarvis-mcp-sdk/web_handlers.go:238.33,241.3 2 0
github.com/can-acar/jarvis-mcp-sdk/web_handlers.go:244.2,245.16 2 1
github.com/can-acar/jarvis-mcp-sdk/web_handlers.go:245.16,248.3 2 0
github.com/can-acar/jarvis-mcp-sdk/web_handlers.go:250.2,251.60 2 1
github.com/can-acar/jarvis-mcp-sdk/web_handlers.go:251.60,254.3 2 0
github.com/can-acar/jarvis-mcp-sdk/web_handlers.go:257.2,257.28 1 1
github.com/can-acar/jarvis-mcp-sdk/web_handlers.go:257.28,260.3 2 0
github.com/can-acar/jarvis-mcp-sdk/web_handlers.go:263.2,268.16 3 1
github.com/can-acar/jarvis-mcp-sdk/web_handlers.go:268.16,271.3 2 0
github.com/can-acar/jarvis-mcp-sdk/web_handlers.go:274.2,285.27 4 1
github.com/can-acar/jarvis-mcp-sdk/web_handlers.go:285.27,294.3 2 0
github.com/can-acar/jarvis-mcp-sdk/web_handlers.go:296.2,299.4 1 1
github.com/can-acar/jarvis-mcp-sdk/web_handlers.go:303.83,304.32 1 0
github.com/can-acar/jarvis-mcp-sdk/web_handlers.go:304.32,307.3 2 0
github.com/can-acar/jarvis-mcp-sdk/web_handlers.go:310.2,320.27 4 0
github.com/can-acar/jarvis-mcp-sdk/web_handlers.go:320.27,329.3 2 0
github.com/can-acar/jarvis-mcp-sdk/web_handlers.go:331.2,334.4 1 0
github.com/can-acar/jarvis-mcp-sdk/web_handlers.go:338.82,339.33 1 0
github.com/can-acar/jarvis-mcp-sdk/web_handlers.go:339.33,342.3 2 0
github.com/can-acar/jarvis-mcp-sdk/web_handlers.go:345.2,346.16 2 0
github.com/can-acar/jarvis-mcp-sdk/web_handlers.go:346.16,349.3 2 0
github.com/can-acar/jarvis-mcp-sdk/web_handlers.go:351.2,352.57 2 0
github.com/can-acar/jarvis-mcp-sdk/web_handlers.go:352.57,355.3 2 0
github.com/can-acar/jarvis-mcp-sdk/web_handlers.go:358.2,358.26 1 0
github.com/can-acar/jarvis-mcp-sdk/web_handlers.go:358.26,361.3 2 0
github.com/can-acar/jarvis-mcp-sdk/web_handlers.go:364.2,370.16 3 0
github.com/can-acar/jarvis-mcp-sdk/web_handlers.go:370.16,373.3 2 0
github.com/can-acar/jarvis-mcp-sdk/web_handlers.go:376.2,387.27 4 0
github.com/can-acar/jarvis-mcp-sdk/web_handlers.go:387.27,396.3 2 0
github.com/can-acar/jarvis-mcp-sdk/web_handlers.go:398.2,401.4 1 0
github.com/can-acar/jarvis-mcp-sdk/web_handlers.go:405.81,406.32 1 1
github.com/can-acar/jarvis-mcp-sdk/web_handlers.go:406.32,409.3 2 0
github.com/can-acar/jarvis-mcp-sdk/web_handlers.go:411.2,414.23 4 1
github.com/can-acar/jarvis-mcp-sdk/web_handlers.go:418.56,524.2 1 1
github.com/can-acar/jarvis-mcp-sdk/web_handlers.go:527.52,529.2 1 1
github.com/can-acar/jarvis-mcp-sdk/web_handlers.go:532.82,533.33 1 0
github.com/can-acar/jarvis-mcp-sdk/web_handlers.go:533.33,536.3 2 0
github.com/can-acar/jarvis-mcp-sdk/web_handlers.go:539.2,540.16 2 0
github.com/can-acar/jarvis-mcp-sdk/web_handlers.go:540.16,543.3 2 0
github.com/can-acar/jarvis-mcp-sdk/web_handlers.go:545.2,546.58 2 0
github.com/can-acar/jarvis-mcp-sdk/web_handlers.go:546.58,549.3 2 0
github.com/can-acar/jarvis-mcp-sdk/web_handlers.go:552.2,559.60 5 0
github.com/can-acar/jarvis-mcp-sdk/web_handlers.go:559.60,561.3 1 0
github.com/can-acar/jarvis-mcp-sdk/web_handlers.go:565.46,569.2 1 1
github.com/can-acar/jarvis-mcp-sdk/web_transport.go:27.35,37.2 1 0
github.com/can-acar/jarvis-mcp-sdk/web_transport.go:51.70,52.22 1 1
github.com/can-acar/jarvis-mcp-sdk/web_transport.go:52.22,54.3 1 0
github.com/can-acar/jarvis-mcp-sdk/web_transport.go:56.2,77.11 5 1
github.com/can-acar/jarvis-mcp-sdk/web_transport.go:81.42,102.31 12 1
github.com/can-acar/jarvis-mcp-sdk/web_transport.go:102.31,105.3 2 1
github.com/can-acar/jarvis-mcp-sdk/web_transport.go:109.83,111.2 1 1
github.com/can-acar/jarvis-mcp-sdk/web_transport.go:114.77,115.54 1 1
github.com/can-acar/jarvis-mcp-sdk/web_transport.go:115.54,116.27 1 1
github.com/can-acar/jarvis-mcp-sdk/web_transport.go:116.27,122.29 4 1
github.com/can-acar/jarvis-mcp-sdk/web_transport.go:122.29,125.5 2 1
github.com/can-acar/jarvis-mcp-sdk/web_transport.go:128.3,128.16 1 1
github.com/can-acar/jarvis-mcp-sdk/web_transport.go:133.77,134.54 1 1
github.com/can-acar/jarvis-mcp-sdk/web_transport.go:134.54,136.30 1 1
github.com/can-acar/jarvis-mcp-sdk/web_transport.go:136.30,139.4 2 0
github.com/can-acar/jarvis-mcp-sdk/web_transport.go:142.3,142.32 1 1
github.com/can-acar/jarvis-mcp-sdk/web_transport.go:142.32,145.4 2 1
github.com/can-acar/jarvis-mcp-sdk/web_transport.go:148.3,149.23 2 1
github.com/can-acar/jarvis-mcp-sdk/web_transport.go:149.23,152.4 2 1
github.com/can-acar/jarvis-mcp-sdk/web_transport.go:155.3,156.33 2 1
github.com/can-acar/jarvis-mcp-sdk/web_transport.go:156.33,159.4 2 0
github.com/can-acar/jarvis-mcp-sdk/web_transport.go:161.3,161.16 1 1
github.com/can-acar/jarvis-mcp-sdk/web_transport.go:166.80,167.54 1 1
github.com/can-acar/jarvis-mcp-sdk/web_transport.go:167.54,177.3 5 1
github.com/can-acar/jarvis-mcp-sdk/web_transport.go:186.49,189.2 2 1
github.com/can-acar/jarvis-mcp-sdk/web_transport.go:192.39,196.16 3 1
github.com/can-acar/jarvis-mcp-sdk/web_transport.go:196.16,198.3 1 0
github.com/can-acar/jarvis-mcp-sdk/web_transport.go:200.2,202.12 2 1
github.com/can-acar/jarvis-mcp-sdk/web_transport.go:202.12,203.87 1 1
github.com/can-acar/jarvis-mcp-sdk/web_transport.go:203.87,205.4 1 0
github.com/can-acar/jarvis-mcp-sdk/web_transport.go:208.2,209.12 2 1
github.com/can-acar/jarvis-mcp-sdk/web_transport.go:213.38,217.17 3 1
github.com/can-acar/jarvis-mcp-sdk/web_transport.go:217.17,219.3 1 0
github.com/can-acar/jarvis-mcp-sdk/web_transport.go:221.2,226.52 4 1
github.com/can-acar/jarvis-mcp-sdk/web_transport.go:226.52,228.3 1 0
github.com/can-acar/jarvis-mcp-sdk/web_transport.go:230.2,231.12 2 1
github.com/can-acar/jarvis-mcp-sdk/web_transport.go:235.42,239.2 3 0
github.com/can-acar/jarvis-mcp-sdk/web_transport.go:242.42,244.2 1 0
github.com/can-acar/jarvis-mcp-sdk/web_transport.go:247.49,249.2 1 0
github.com/can-acar/jarvis-mcp-sdk/web_transport.go:252.88,256.56 3 1
github.com/can-acar/jarvis-mcp-sdk/web_transport.go:256.56,258.3 1 0
github.com/can-acar/jarvis-mcp-sdk/web_transport.go:262.87,269.2 1 1
github.com/can-acar/jarvis-mcp-sdk/web_transport.go:272.79,276.46 3 0
github.com/can-acar/jarvis-mcp-sdk/web_transport.go:276.46,277.81 1 0
github.com/can-acar/jarvis-mcp-sdk/web_transport.go:277.81,279.4 1 0
github.com/can-acar/jarvis-mcp-sdk/web_transport.go:282.2,282.47 1 0
github.com/can-acar/jarvis-mcp-sdk/web_transport.go:282.47,283.64 1 0
github.com/can-acar/jarvis-mcp-sdk/web_transport.go:283.64,285.4 1 0
github.com/can-acar/jarvis-mcp-sdk/web_transport.go:288.2,288.22 1 0
github.com/can-acar/jarvis-mcp-sdk/web_transport.go:294.63,297.2 2 1
github.com/can-acar/jarvis-mcp-sdk/web_transport.go:300.44,301.27 1 1
github.com/can-acar/jarvis-mcp-sdk/web_transport.go:301.27,303.3 1 0
github.com/can-acar/jarvis-mcp-sdk/web_transport.go:304.2,304.31 1 1
github.com/can-acar/jarvis-mcp-sdk/web_transport.go:308.43,309.27 1 1
github.com/can-acar/jarvis-mcp-sdk/web_transport.go:309.27,311.3 1 0
github.com/can-acar/jarvis-mcp-sdk/web_transport.go:312.2,312.30 1 1
github.com/can-acar/jarvis-mcp-sdk/web_transport.go:316.50,318.2 1 0
github.com/can-acar/jarvis-mcp-sdk/web_transport.go:321.46,322.46 1 0
github.com/can-acar/jarvis-mcp-sdk/web_transport.go:322.46,324.3 1 0
github.com/can-acar/jarvis-mcp-sdk/web_transport.go:327.2,327.9 1 0
github.com/can-acar/jarvis-mcp-sdk/web_transport.go:331.44,333.27 1 0
github.com/can-acar/jarvis-mcp-sdk/web_transport.go:333.27,334.47 1 0
github.com/can-acar/jarvis-mcp-sdk/web_transport.go:334.47,336.4 1 0
github.com/can-acar/jarvis-mcp-sdk/web_transport.go:340.2,340.16 1 0
github.com/can-acar/jarvis-mcp-sdk/websocket.go:28.47,39.2 1 1
github.com/can-acar/jarvis-mcp-sdk/websocket.go:80.84,81.32 1 1
github.com/can-acar/jarvis-mcp-sdk/websocket.go:81.32,83.3 1 0
github.com/can-acar/jarvis-mcp-sdk/websocket.go:85.2,90.43 1 1
github.com/can-acar/jarvis-mcp-sdk/websocket.go:90.43,93.4 1 1
github.com/can-acar/jarvis-mcp-sdk/websocket.go:96.2,102.3 1 1
github.com/can-acar/jarvis-mcp-sdk/websocket.go:106.86,108.86 1 1
github.com/can-acar/jarvis-mcp-sdk/websocket.go:108.86,111.18 2 1
github.com/can-acar/jarvis-mcp-sdk/websocket.go:111.18,113.78 2 1
github.com/can-acar/jarvis-mcp-sdk/websocket.go:113.78,115.5 1 1
github.com/can-acar/jarvis-mcp-sdk/websocket.go:118.3,118.56 1 1
github.com/can-acar/jarvis-mcp-sdk/websocket.go:118.56,121.4 2 1
github.com/can-acar/jarvis-mcp-sdk/websocket.go:125.2,126.16 2 1
github.com/can-acar/jarvis-mcp-sdk/websocket.go:126.16,129.3 2 0
github.com/can-acar/jarvis-mcp-sdk/websocket.go:132.2,149.65 10 1
github.com/can-acar/jarvis-mcp-sdk/websocket.go:153.90,177.49 7 1
github.com/can-acar/jarvis-mcp-sdk/websocket.go:177.49,184.3 5 0
github.com/can-acar/jarvis-mcp-sdk/websocket.go:186.2,186.49 1 1
github.com/can-acar/jarvis-mcp-sdk/websocket.go:186.49,193.3 5 0
github.com/can-acar/jarvis-mcp-sdk/websocket.go:195.2,195.15 1 1
github.com/can-acar/jarvis-mcp-sdk/websocket.go:199.42,200.15 1 1
github.com/can-acar/jarvis-mcp-sdk/websocket.go:200.15,202.3 1 1
github.com/can-acar/jarvis-mcp-sdk/websocket.go:205.2,211.6 3 1
github.com/can-acar/jarvis-mcp-sdk/websocket.go:211.6,212.10 1 1
github.com/can-acar/jarvis-mcp-sdk/websocket.go:213.25,214.10 1 0
github.com/can-acar/jarvis-mcp-sdk/websocket.go:215.11,215.11 0 1
github.com/can-acar/jarvis-mcp-sdk/websocket.go:218.3,220.17 3 1
github.com/can-acar/jarvis-mcp-sdk/websocket.go:220.17,221.92 1 1
github.com/can-acar/jarvis-mcp-sdk/websocket.go:221.92,223.5 1 1
github.com/can-acar/jarvis-mcp-sdk/websocket.go:224.4,224.10 1 1
github.com/can-acar/jarvis-mcp-sdk/websocket.go:227.3,230.29 2 1
github.com/can-acar/jarvis-mcp-sdk/websocket.go:235.70,236.18 1 1
github.com/can-acar/jarvis-mcp-sdk/websocket.go:237.17,238.25 1 1
github.com/can-acar/jarvis-mcp-sdk/websocket.go:239.26,240.33 1 0
github.com/can-acar/jarvis-mcp-sdk/websocket.go:241.28,242.35 1 0
github.com/can-acar/jarvis-mcp-sdk/websocket.go:243.14,248.5 1 1
github.com/can-acar/jarvis-mcp-sdk/websocket.go:249.10,250.106 1 1
github.com/can-acar/jarvis-mcp-sdk/websocket.go:255.69,256.22 1 1
github.com/can-acar/jarvis-mcp-sdk/websocket.go:256.22,259.3 2 1
github.com/can-acar/jarvis-mcp-sdk/websocket.go:262.2,280.27 5 1
github.com/can-acar/jarvis-mcp-sdk/websocket.go:280.27,285.3 1 1
github.com/can-acar/jarvis-mcp-sdk/websocket.go:285.8,287.3 1 1
github.com/can-acar/jarvis-mcp-sdk/websocket.go:289.2,289.30 1 1
github.com/can-acar/jarvis-mcp-sdk/websocket.go:293.77,300.60 2 0
github.com/can-acar/jarvis-mcp-sdk/websocket.go:300.60,303.3 2 0
github.com/can-acar/jarvis-mcp-sdk/websocket.go:306.2,306.28 1 0
github.com/can-acar/jarvis-mcp-sdk/websocket.go:306.28,308.3 1 0
github.com/can-acar/jarvis-mcp-sdk/websocket.go:311.2,311.40 1 0
github.com/can-acar/jarvis-mcp-sdk/websocket.go:311.40,314.3 2 0
github.com/can-acar/jarvis-mcp-sdk/websocket.go:317.2,318.36 2 0
github.com/can-acar/jarvis-mcp-sdk/websocket.go:318.36,321.3 2 0
github.com/can-acar/jarvis-mcp-sdk/websocket.go:324.2,351.28 5 0
github.com/can-acar/jarvis-mcp-sdk/websocket.go:351.28,352.68 1 0
github.com/can-acar/jarvis-mcp-sdk/websocket.go:352.68,353.60 1 0
github.com/can-acar/jarvis-mcp-sdk/websocket.go:353.60,356.5 1 0
github.com/can-acar/jarvis-mcp-sdk/websocket.go:362.79,367.60 2 0
github.com/can-acar/jarvis-mcp-sdk/websocket.go:367.60,370.3 2 0
github.com/can-acar/jarvis-mcp-sdk/websocket.go:373.2,373.40 1 0
github.com/can-acar/jarvis-mcp-sdk/websocket.go:373.40,375.3 1 0
github.com/can-acar/jarvis-mcp-sdk/websocket.go:378.2,391.4 4 0
github.com/can-acar/jarvis-mcp-sdk/websocket.go:395.94,399.6 3 0
github.com/can-acar/jarvis-mcp-sdk/websocket.go:399.6,400.10 1 0
github.com/can-acar/jarvis-mcp-sdk/websocket.go:401.25,402.10 1 0
github.com/can-acar/jarvis-mcp-sdk/websocket.go:403.19,404.42 1 0
github.com/can-acar/jarvis-mcp-sdk/websocket.go:404.42,406.5 1 0
github.com/can-acar/jarvis-mcp-sdk/websocket.go:409.4,410.18 2 0
github.com/can-acar/jarvis-mcp-sdk/websocket.go:410.18,421.5 2 0
github.com/can-acar/jarvis-mcp-sdk/websocket.go:424.4,432.60 2 0
github.com/can-acar/jarvis-mcp-sdk/websocket.go:432.60,433.55 1 0
github.com/can-acar/jarvis-mcp-sdk/websocket.go:433.55,434.55 1 0
github.com/can-acar/jarvis-mcp-sdk/websocket.go:434.55,436.7 1 0
github.com/can-acar/jarvis-mcp-sdk/websocket.go:444.71,447.40 1 0
github.com/can-acar/jarvis-mcp-sdk/websocket.go:447.40,450.3 1 0
github.com/can-acar/jarvis-mcp-sdk/websocket.go:451.2,451.14 1 0
github.com/can-acar/jarvis-mcp-sdk/websocket.go:455.38,457.2 1 0
github.com/can-acar/jarvis-mcp-sdk/websocket.go:459.46,460.43 1 0
github.com/can-acar/jarvis-mcp-sdk/websocket.go:460.43,461.35 1 0
github.com/can-acar/jarvis-mcp-sdk/websocket.go:461.35,463.4 1 0
github.com/can-acar/jarvis-mcp-sdk/websocket.go:465.2,465.14 1 0
github.com/can-acar/jarvis-mcp-sdk/websocket.go:469.67,470.9 1 1
github.com/can-acar/jarvis-mcp-sdk/websocket.go:471.27,471.27 0 1
github.com/can-acar/jarvis-mcp-sdk/websocket.go:472.24,472.24 0 0
github.com/can-acar/jarvis-mcp-sdk/websocket.go:473.10,474.69 1 0
github.com/can-acar/jarvis-mcp-sdk/websocket.go:479.76,489.2 1 1
github.com/can-acar/jarvis-mcp-sdk/websocket.go:492.42,493.6 1 1
github.com/can-acar/jarvis-mcp-sdk/websocket.go:493.6,494.10 1 1
github.com/can-acar/jarvis-mcp-sdk/websocket.go:495.25,496.10 1 1
github.com/can-acar/jarvis-mcp-sdk/websocket.go:497.30,500.50 2 1
github.com/can-acar/jarvis-mcp-sdk/websocket.go:500.50,504.5 3 0
github.com/can-acar/jarvis-mcp-sdk/websocket.go:510.42,514.6 3 1
github.com/can-acar/jarvis-mcp-sdk/websocket.go:514.6,515.10 1 1
github.com/can-acar/jarvis-mcp-sdk/websocket.go:516.25,517.10 1 1
github.com/can-acar/jarvis-mcp-sdk/websocket.go:518.19,521.81 2 0
github.com/can-acar/jarvis-mcp-sdk/websocket.go:521.81,525.5 3 0
github.com/can-acar/jarvis-mcp-sdk/websocket.go:531.43,537.38 4 1
github.com/can-acar/jarvis-mcp-sdk/websocket.go:537.38,538.41 1 0
github.com/can-acar/jarvis-mcp-sdk/websocket.go:538.41,540.4 1 0
github.com/can-acar/jarvis-mcp-sdk/websocket.go:544.2,545.14 2 1
github.com/can-acar/jarvis-mcp-sdk/websocket.go:549.79,554.40 4 0
github.com/can-acar/jarvis-mcp-sdk/websocket.go:554.40,556.3 1 0
github.com/can-acar/jarvis-mcp-sdk/websocket.go:557.2,557.20 1 0
github.com/can-acar/jarvis-mcp-sdk/websocket.go:561.69,565.39 3 0
github.com/can-acar/jarvis-mcp-sdk/websocket.go:565.39,567.3 1 0
github.com/can-acar/jarvis-mcp-sdk/websocket.go:573.66,577.27 2 1
github.com/can-acar/jarvis-mcp-sdk/websocket.go:577.27,579.3 1 1
github.com/can-acar/jarvis-mcp-sdk/websocket.go:581.2,581.10 1 1
